<?xml version="1.0" encoding="UTF-8"?>
<testsuites name="Core" time="163" tests="1" failures="0" errors="3">
   <testsuite name="Core" tests="1" failures="0" errors="3" time="163" timestamp="2017-12-26 15:44:54" hostname="Yassar - Yassar-PC" id="Test Suites/Core">
      <properties>
         <property name="deviceName" value=""/>
         <property name="devicePlatform" value=""/>
         <property name="logFolder" value="D:\\Katalon\\Sephora\\Sephora\\Reports\\Core\\20171226_154452"/>
         <property name="logFiles" value="D:\\Katalon\\Sephora\\Sephora\\Reports\\Core\\20171226_154452\\execution0.log"/>
         <property name="attachments" value=""/>
         <property name="hostName" value="Yassar - Yassar-PC"/>
         <property name="os" value="Windows 7 64bit"/>
         <property name="katalonVersion" value="5.2.0.1"/>
         <property name="browser" value="Chrome 63.0.3239.108"/>
         <property name="hostAddress" value="192.168.1.197"/>
         <property name="sessionId" value="e074752fbe1136a6e2e575349a92840f"/>
         <property name="seleniumVersion" value="3.7.1"/>
         <property name="proxyInformation" value="ProxyInformation{proxyOption=NO_PROXY, proxyServerType=HTTP, password=, proxyServerAddress=, proxyServerPort=0}"/>
         <property name="platform" value="Windows 7"/>
      </properties>
      <testcase name="Test Cases/AllCases/My Account/SEP_FA_CustomerLogin - Iteration 1" classname="Test Cases/AllCases/My Account/SEP_FA_CustomerLogin" status="PASSED">
         <system-out><![CDATA[2017-12-26 15:44:54 - [TEST_CASE][PASSED] - Test Cases/AllCases/My Account/SEP_FA_CustomerLogin - Iteration 1: Test Cases/AllCases/My Account/SEP_FA_CustomerLogin

2017-12-26 15:44:55 - [TEST_STEP][PASSED] - Statement - println(expectation): null

2017-12-26 15:44:55 - [TEST_STEP][PASSED] - callTestCase: Call Test Case 'Test Cases/UnitCases/openSite' successfully

2017-12-26 15:44:55 - [TEST_CASE][PASSED] - Test Cases/UnitCases/openSite: Test Cases/UnitCases/openSite

2017-12-26 15:44:55 - [TEST_STEP][PASSED] - openBrowser: Browser is opened with url: ''

2017-12-26 15:44:57 - [MESSAGE][PASSED] - Browser is opened with url: ''

2017-12-26 15:44:57 - [TEST_STEP][PASSED] - maximizeWindow: Current window maximized

2017-12-26 15:44:58 - [MESSAGE][PASSED] - Current window maximized

2017-12-26 15:44:58 - [TEST_STEP][PASSED] - navigateToUrl: Navigate to 'https://www.sephora.ae/en/' successfully

2017-12-26 15:45:07 - [MESSAGE][PASSED] - Navigate to 'https://www.sephora.ae/en/' successfully

2017-12-26 15:45:07 - [TEST_STEP][PASSED] - callTestCase: Call Test Case 'Test Cases/UnitCases/closeFancyPopUp' successfully

2017-12-26 15:45:07 - [TEST_CASE][PASSED] - Test Cases/UnitCases/closeFancyPopUp: Test Cases/UnitCases/closeFancyPopUp

2017-12-26 15:45:07 - [TEST_STEP][PASSED] - waitForElementPresent: Object 'Object Repository/HomePage/Fancy Box Close Button' is present

2017-12-26 15:45:07 - [MESSAGE][WARNING] - Timeout '0' is invalid. Using default page load timeout: '30'

2017-12-26 15:45:17 - [MESSAGE][PASSED] - Object 'Object Repository/HomePage/Fancy Box Close Button' is present

2017-12-26 15:45:17 - [TEST_STEP][PASSED] - click: Object: 'Object Repository/HomePage/Fancy Box Close Button' is clicked on

2017-12-26 15:45:19 - [MESSAGE][PASSED] - Object: 'Object Repository/HomePage/Fancy Box Close Button' is clicked on

2017-12-26 15:45:19 - [TEST_STEP][PASSED] - waitForElementClickable: Object 'Object Repository/HomePage/My Account TopLink' is clickable

2017-12-26 15:45:19 - [MESSAGE][WARNING] - Timeout '0' is invalid. Using default page load timeout: '30'

2017-12-26 15:45:21 - [MESSAGE][PASSED] - Object 'Object Repository/HomePage/My Account TopLink' is clickable

2017-12-26 15:45:21 - [MESSAGE][PASSED] - Call Test Case 'Test Cases/UnitCases/closeFancyPopUp' successfully

2017-12-26 15:45:21 - [MESSAGE][PASSED] - Call Test Case 'Test Cases/UnitCases/openSite' successfully

2017-12-26 15:45:21 - [TEST_STEP][PASSED] - callTestCase: Call Test Case 'Test Cases/UnitCases/login' successfully

2017-12-26 15:45:21 - [TEST_CASE][PASSED] - Test Cases/UnitCases/login: Test Cases/UnitCases/login

2017-12-26 15:45:21 - [TEST_STEP][PASSED] - click: Object: 'Object Repository/HomePage/My Account TopLink' is clicked on

2017-12-26 15:45:26 - [MESSAGE][PASSED] - Object: 'Object Repository/HomePage/My Account TopLink' is clicked on

2017-12-26 15:45:26 - [TEST_STEP][PASSED] - waitForPageLoad: Wait for page load successfully

2017-12-26 15:45:26 - [MESSAGE][WARNING] - Timeout '0' is invalid. Using default page load timeout: '30'

2017-12-26 15:45:26 - [MESSAGE][PASSED] - Wait for page load successfully

2017-12-26 15:45:26 - [TEST_STEP][PASSED] - setText: Text 'rbdtest@mailinator.com' is set on object 'Object Repository/LoginPage/Login Input Field'

2017-12-26 15:45:27 - [MESSAGE][PASSED] - Text 'rbdtest@mailinator.com' is set on object 'Object Repository/LoginPage/Login Input Field'

2017-12-26 15:45:27 - [TEST_STEP][PASSED] - setText: Text 'Password123' is set on object 'Object Repository/LoginPage/Password Input Field'

2017-12-26 15:45:27 - [MESSAGE][PASSED] - Text 'Password123' is set on object 'Object Repository/LoginPage/Password Input Field'

2017-12-26 15:45:27 - [TEST_STEP][PASSED] - click: Object: 'Object Repository/LoginPage/Login Button' is clicked on

2017-12-26 15:45:37 - [MESSAGE][PASSED] - Object: 'Object Repository/LoginPage/Login Button' is clicked on

2017-12-26 15:45:37 - [MESSAGE][PASSED] - Call Test Case 'Test Cases/UnitCases/login' successfully

2017-12-26 15:45:37 - [TEST_STEP][PASSED] - Statement - switch (scene): null

2017-12-26 15:45:37 - [TEST_STEP][PASSED] - Statement - case "1":: null

2017-12-26 15:45:37 - [TEST_STEP][PASSED] - waitForPageLoad: Wait for page load successfully

2017-12-26 15:45:37 - [MESSAGE][WARNING] - Timeout '0' is invalid. Using default page load timeout: '30'

2017-12-26 15:45:37 - [MESSAGE][PASSED] - Wait for page load successfully

2017-12-26 15:45:37 - [TEST_STEP][PASSED] - verifyElementPresent: Object 'Object Repository/HomePage/Welcome Message' is present

2017-12-26 15:45:37 - [MESSAGE][WARNING] - Timeout '0' is invalid. Using default page load timeout: '30'

2017-12-26 15:45:38 - [MESSAGE][PASSED] - Object 'Object Repository/HomePage/Welcome Message' is present

2017-12-26 15:45:38 - [TEST_STEP][PASSED] - verifyTextPresent: Text 'Hello Jack' is present on page 

2017-12-26 15:45:39 - [MESSAGE][PASSED] - Text 'Hello Jack' is present on page 

2017-12-26 15:45:39 - [TEST_STEP][PASSED] - Statement - Break: null

2017-12-26 15:45:39 - [TEST_STEP][PASSED] - closeBrowser: Browser is closed

2017-12-26 15:45:40 - [MESSAGE][PASSED] - Browser is closed]]></system-out>
         <system-err><![CDATA[]]></system-err>
      </testcase>
      <testcase name="Test Cases/AllCases/My Account/SEP_FA_CustomerLogin - Iteration 2" classname="Test Cases/AllCases/My Account/SEP_FA_CustomerLogin" status="ERROR">
         <error type="ERROR" message="Test Cases/AllCases/My Account/SEP_FA_CustomerLogin FAILED because (of) groovy.lang.MissingMethodException: No signature of method: static com.kms.katalon.core.webui.keyword.WebUiBuiltInKeywords.verifyElementPresent() is applicable for argument types: (com.kms.katalon.core.testobject.TestObject, java.lang.String) values: [TestObject - 'Object Repository/LoginPage/Invalid Login and Password Message', ...]
Possible solutions: verifyElementPresent(com.kms.katalon.core.testobject.TestObject, int), verifyElementPresent(com.kms.katalon.core.testobject.TestObject, int, com.kms.katalon.core.model.FailureHandling), verifyElementNotPresent(com.kms.katalon.core.testobject.TestObject, int), verifyElementNotPresent(com.kms.katalon.core.testobject.TestObject, int, com.kms.katalon.core.model.FailureHandling), verifyElementText(com.kms.katalon.core.testobject.TestObject, java.lang.String)"/>
         <system-out><![CDATA[2017-12-26 15:45:40 - [TEST_CASE][ERROR] - Test Cases/AllCases/My Account/SEP_FA_CustomerLogin - Iteration 2: Test Cases/AllCases/My Account/SEP_FA_CustomerLogin FAILED because (of) groovy.lang.MissingMethodException: No signature of method: static com.kms.katalon.core.webui.keyword.WebUiBuiltInKeywords.verifyElementPresent() is applicable for argument types: (com.kms.katalon.core.testobject.TestObject, java.lang.String) values: [TestObject - 'Object Repository/LoginPage/Invalid Login and Password Message', ...]
Possible solutions: verifyElementPresent(com.kms.katalon.core.testobject.TestObject, int), verifyElementPresent(com.kms.katalon.core.testobject.TestObject, int, com.kms.katalon.core.model.FailureHandling), verifyElementNotPresent(com.kms.katalon.core.testobject.TestObject, int), verifyElementNotPresent(com.kms.katalon.core.testobject.TestObject, int, com.kms.katalon.core.model.FailureHandling), verifyElementText(com.kms.katalon.core.testobject.TestObject, java.lang.String)

2017-12-26 15:45:40 - [TEST_STEP][PASSED] - Statement - println(expectation): null

2017-12-26 15:45:40 - [TEST_STEP][PASSED] - callTestCase: Call Test Case 'Test Cases/UnitCases/openSite' successfully

2017-12-26 15:45:40 - [TEST_CASE][PASSED] - Test Cases/UnitCases/openSite: Test Cases/UnitCases/openSite

2017-12-26 15:45:40 - [TEST_STEP][PASSED] - openBrowser: Browser is opened with url: ''

2017-12-26 15:45:43 - [MESSAGE][PASSED] - Browser is opened with url: ''

2017-12-26 15:45:43 - [TEST_STEP][PASSED] - maximizeWindow: Current window maximized

2017-12-26 15:45:43 - [MESSAGE][PASSED] - Current window maximized

2017-12-26 15:45:43 - [TEST_STEP][PASSED] - navigateToUrl: Navigate to 'https://www.sephora.ae/en/' successfully

2017-12-26 15:45:52 - [MESSAGE][PASSED] - Navigate to 'https://www.sephora.ae/en/' successfully

2017-12-26 15:45:52 - [TEST_STEP][PASSED] - callTestCase: Call Test Case 'Test Cases/UnitCases/closeFancyPopUp' successfully

2017-12-26 15:45:53 - [TEST_CASE][PASSED] - Test Cases/UnitCases/closeFancyPopUp: Test Cases/UnitCases/closeFancyPopUp

2017-12-26 15:45:53 - [TEST_STEP][PASSED] - waitForElementPresent: Object 'Object Repository/HomePage/Fancy Box Close Button' is present

2017-12-26 15:45:53 - [MESSAGE][WARNING] - Timeout '0' is invalid. Using default page load timeout: '30'

2017-12-26 15:46:02 - [MESSAGE][PASSED] - Object 'Object Repository/HomePage/Fancy Box Close Button' is present

2017-12-26 15:46:02 - [TEST_STEP][PASSED] - click: Object: 'Object Repository/HomePage/Fancy Box Close Button' is clicked on

2017-12-26 15:46:04 - [MESSAGE][PASSED] - Object: 'Object Repository/HomePage/Fancy Box Close Button' is clicked on

2017-12-26 15:46:04 - [TEST_STEP][PASSED] - waitForElementClickable: Object 'Object Repository/HomePage/My Account TopLink' is clickable

2017-12-26 15:46:04 - [MESSAGE][WARNING] - Timeout '0' is invalid. Using default page load timeout: '30'

2017-12-26 15:46:06 - [MESSAGE][PASSED] - Object 'Object Repository/HomePage/My Account TopLink' is clickable

2017-12-26 15:46:06 - [MESSAGE][PASSED] - Call Test Case 'Test Cases/UnitCases/closeFancyPopUp' successfully

2017-12-26 15:46:06 - [MESSAGE][PASSED] - Call Test Case 'Test Cases/UnitCases/openSite' successfully

2017-12-26 15:46:06 - [TEST_STEP][PASSED] - callTestCase: Call Test Case 'Test Cases/UnitCases/login' successfully

2017-12-26 15:46:06 - [TEST_CASE][PASSED] - Test Cases/UnitCases/login: Test Cases/UnitCases/login

2017-12-26 15:46:06 - [TEST_STEP][PASSED] - click: Object: 'Object Repository/HomePage/My Account TopLink' is clicked on

2017-12-26 15:46:12 - [MESSAGE][PASSED] - Object: 'Object Repository/HomePage/My Account TopLink' is clicked on

2017-12-26 15:46:12 - [TEST_STEP][PASSED] - waitForPageLoad: Wait for page load successfully

2017-12-26 15:46:12 - [MESSAGE][WARNING] - Timeout '0' is invalid. Using default page load timeout: '30'

2017-12-26 15:46:12 - [MESSAGE][PASSED] - Wait for page load successfully

2017-12-26 15:46:12 - [TEST_STEP][PASSED] - setText: Text 'autorbd20171222_170951@mailinator.com' is set on object 'Object Repository/LoginPage/Login Input Field'

2017-12-26 15:46:12 - [MESSAGE][PASSED] - Text 'autorbd20171222_170951@mailinator.com' is set on object 'Object Repository/LoginPage/Login Input Field'

2017-12-26 15:46:12 - [TEST_STEP][PASSED] - setText: Text 'Password123' is set on object 'Object Repository/LoginPage/Password Input Field'

2017-12-26 15:46:13 - [MESSAGE][PASSED] - Text 'Password123' is set on object 'Object Repository/LoginPage/Password Input Field'

2017-12-26 15:46:13 - [TEST_STEP][PASSED] - click: Object: 'Object Repository/LoginPage/Login Button' is clicked on

2017-12-26 15:46:22 - [MESSAGE][PASSED] - Object: 'Object Repository/LoginPage/Login Button' is clicked on

2017-12-26 15:46:22 - [MESSAGE][PASSED] - Call Test Case 'Test Cases/UnitCases/login' successfully

2017-12-26 15:46:22 - [TEST_STEP][PASSED] - Statement - switch (scene): Finding Test Object with id 'Object Repository/LoginPage/Invalid Login and Password Message'

2017-12-26 15:46:22 - [TEST_STEP][PASSED] - Statement - case "2":: Finding Test Object with id 'Object Repository/LoginPage/Invalid Login and Password Message'

2017-12-26 15:46:22 - [TEST_STEP][PASSED] - waitForPageLoad: Wait for page load successfully

2017-12-26 15:46:22 - [MESSAGE][WARNING] - Timeout '0' is invalid. Using default page load timeout: '30'

2017-12-26 15:46:22 - [MESSAGE][PASSED] - Wait for page load successfully

2017-12-26 15:46:22 - [TEST_STEP][PASSED] - verifyElementPresent: Finding Test Object with id 'Object Repository/LoginPage/Invalid Login and Password Message']]></system-out>
         <system-err><![CDATA[2017-12-26 15:45:40 - [TEST_CASE][ERROR] - Test Cases/AllCases/My Account/SEP_FA_CustomerLogin - Iteration 2: Test Cases/AllCases/My Account/SEP_FA_CustomerLogin FAILED because (of) groovy.lang.MissingMethodException: No signature of method: static com.kms.katalon.core.webui.keyword.WebUiBuiltInKeywords.verifyElementPresent() is applicable for argument types: (com.kms.katalon.core.testobject.TestObject, java.lang.String) values: [TestObject - 'Object Repository/LoginPage/Invalid Login and Password Message', ...]
Possible solutions: verifyElementPresent(com.kms.katalon.core.testobject.TestObject, int), verifyElementPresent(com.kms.katalon.core.testobject.TestObject, int, com.kms.katalon.core.model.FailureHandling), verifyElementNotPresent(com.kms.katalon.core.testobject.TestObject, int), verifyElementNotPresent(com.kms.katalon.core.testobject.TestObject, int, com.kms.katalon.core.model.FailureHandling), verifyElementText(com.kms.katalon.core.testobject.TestObject, java.lang.String)]]></system-err>
      </testcase>
      <testcase name="Test Cases/AllCases/My Account/SEP_FA_CustomerLogin - Iteration 3" classname="Test Cases/AllCases/My Account/SEP_FA_CustomerLogin" status="ERROR">
         <error type="ERROR" message="Test Cases/AllCases/My Account/SEP_FA_CustomerLogin FAILED because (of) groovy.lang.MissingMethodException: No signature of method: static com.kms.katalon.core.webui.keyword.WebUiBuiltInKeywords.verifyElementPresent() is applicable for argument types: (com.kms.katalon.core.testobject.TestObject, java.lang.String) values: [TestObject - 'Object Repository/LoginPage/Invalid Login and Password Message', ...]
Possible solutions: verifyElementPresent(com.kms.katalon.core.testobject.TestObject, int), verifyElementPresent(com.kms.katalon.core.testobject.TestObject, int, com.kms.katalon.core.model.FailureHandling), verifyElementNotPresent(com.kms.katalon.core.testobject.TestObject, int), verifyElementNotPresent(com.kms.katalon.core.testobject.TestObject, int, com.kms.katalon.core.model.FailureHandling), verifyElementText(com.kms.katalon.core.testobject.TestObject, java.lang.String)"/>
         <system-out><![CDATA[2017-12-26 15:46:22 - [TEST_CASE][ERROR] - Test Cases/AllCases/My Account/SEP_FA_CustomerLogin - Iteration 3: Test Cases/AllCases/My Account/SEP_FA_CustomerLogin FAILED because (of) groovy.lang.MissingMethodException: No signature of method: static com.kms.katalon.core.webui.keyword.WebUiBuiltInKeywords.verifyElementPresent() is applicable for argument types: (com.kms.katalon.core.testobject.TestObject, java.lang.String) values: [TestObject - 'Object Repository/LoginPage/Invalid Login and Password Message', ...]
Possible solutions: verifyElementPresent(com.kms.katalon.core.testobject.TestObject, int), verifyElementPresent(com.kms.katalon.core.testobject.TestObject, int, com.kms.katalon.core.model.FailureHandling), verifyElementNotPresent(com.kms.katalon.core.testobject.TestObject, int), verifyElementNotPresent(com.kms.katalon.core.testobject.TestObject, int, com.kms.katalon.core.model.FailureHandling), verifyElementText(com.kms.katalon.core.testobject.TestObject, java.lang.String)

2017-12-26 15:46:22 - [TEST_STEP][PASSED] - Statement - println(expectation): null

2017-12-26 15:46:22 - [TEST_STEP][PASSED] - callTestCase: Call Test Case 'Test Cases/UnitCases/openSite' successfully

2017-12-26 15:46:22 - [TEST_CASE][PASSED] - Test Cases/UnitCases/openSite: Test Cases/UnitCases/openSite

2017-12-26 15:46:22 - [TEST_STEP][PASSED] - openBrowser: Browser is opened with url: ''

2017-12-26 15:46:22 - [MESSAGE][WARNING] - A browser is already opened. Closing browser and opening a new one

2017-12-26 15:46:25 - [MESSAGE][PASSED] - Browser is opened with url: ''

2017-12-26 15:46:25 - [TEST_STEP][PASSED] - maximizeWindow: Current window maximized

2017-12-26 15:46:25 - [MESSAGE][PASSED] - Current window maximized

2017-12-26 15:46:25 - [TEST_STEP][PASSED] - navigateToUrl: Navigate to 'https://www.sephora.ae/en/' successfully

2017-12-26 15:46:33 - [MESSAGE][PASSED] - Navigate to 'https://www.sephora.ae/en/' successfully

2017-12-26 15:46:33 - [TEST_STEP][PASSED] - callTestCase: Call Test Case 'Test Cases/UnitCases/closeFancyPopUp' successfully

2017-12-26 15:46:33 - [TEST_CASE][PASSED] - Test Cases/UnitCases/closeFancyPopUp: Test Cases/UnitCases/closeFancyPopUp

2017-12-26 15:46:33 - [TEST_STEP][PASSED] - waitForElementPresent: Object 'Object Repository/HomePage/Fancy Box Close Button' is present

2017-12-26 15:46:33 - [MESSAGE][WARNING] - Timeout '0' is invalid. Using default page load timeout: '30'

2017-12-26 15:46:46 - [MESSAGE][PASSED] - Object 'Object Repository/HomePage/Fancy Box Close Button' is present

2017-12-26 15:46:46 - [TEST_STEP][PASSED] - click: Object: 'Object Repository/HomePage/Fancy Box Close Button' is clicked on

2017-12-26 15:46:48 - [MESSAGE][PASSED] - Object: 'Object Repository/HomePage/Fancy Box Close Button' is clicked on

2017-12-26 15:46:48 - [TEST_STEP][PASSED] - waitForElementClickable: Object 'Object Repository/HomePage/My Account TopLink' is clickable

2017-12-26 15:46:48 - [MESSAGE][WARNING] - Timeout '0' is invalid. Using default page load timeout: '30'

2017-12-26 15:46:49 - [MESSAGE][PASSED] - Object 'Object Repository/HomePage/My Account TopLink' is clickable

2017-12-26 15:46:49 - [MESSAGE][PASSED] - Call Test Case 'Test Cases/UnitCases/closeFancyPopUp' successfully

2017-12-26 15:46:49 - [MESSAGE][PASSED] - Call Test Case 'Test Cases/UnitCases/openSite' successfully

2017-12-26 15:46:49 - [TEST_STEP][PASSED] - callTestCase: Call Test Case 'Test Cases/UnitCases/login' successfully

2017-12-26 15:46:49 - [TEST_CASE][PASSED] - Test Cases/UnitCases/login: Test Cases/UnitCases/login

2017-12-26 15:46:49 - [TEST_STEP][PASSED] - click: Object: 'Object Repository/HomePage/My Account TopLink' is clicked on

2017-12-26 15:46:55 - [MESSAGE][PASSED] - Object: 'Object Repository/HomePage/My Account TopLink' is clicked on

2017-12-26 15:46:55 - [TEST_STEP][PASSED] - waitForPageLoad: Wait for page load successfully

2017-12-26 15:46:55 - [MESSAGE][WARNING] - Timeout '0' is invalid. Using default page load timeout: '30'

2017-12-26 15:46:55 - [MESSAGE][PASSED] - Wait for page load successfully

2017-12-26 15:46:55 - [TEST_STEP][PASSED] - setText: Text 'somethingThatDoesNotExist@mailinator.com' is set on object 'Object Repository/LoginPage/Login Input Field'

2017-12-26 15:46:55 - [MESSAGE][PASSED] - Text 'somethingThatDoesNotExist@mailinator.com' is set on object 'Object Repository/LoginPage/Login Input Field'

2017-12-26 15:46:55 - [TEST_STEP][PASSED] - setText: Text 'Password1234' is set on object 'Object Repository/LoginPage/Password Input Field'

2017-12-26 15:46:56 - [MESSAGE][PASSED] - Text 'Password1234' is set on object 'Object Repository/LoginPage/Password Input Field'

2017-12-26 15:46:56 - [TEST_STEP][PASSED] - click: Object: 'Object Repository/LoginPage/Login Button' is clicked on

2017-12-26 15:47:01 - [MESSAGE][PASSED] - Object: 'Object Repository/LoginPage/Login Button' is clicked on

2017-12-26 15:47:01 - [MESSAGE][PASSED] - Call Test Case 'Test Cases/UnitCases/login' successfully

2017-12-26 15:47:01 - [TEST_STEP][PASSED] - Statement - switch (scene): Finding Test Object with id 'Object Repository/LoginPage/Invalid Login and Password Message'

2017-12-26 15:47:01 - [TEST_STEP][PASSED] - Statement - case "3":: Finding Test Object with id 'Object Repository/LoginPage/Invalid Login and Password Message'

2017-12-26 15:47:01 - [TEST_STEP][PASSED] - waitForPageLoad: Wait for page load successfully

2017-12-26 15:47:01 - [MESSAGE][WARNING] - Timeout '0' is invalid. Using default page load timeout: '30'

2017-12-26 15:47:01 - [MESSAGE][PASSED] - Wait for page load successfully

2017-12-26 15:47:01 - [TEST_STEP][PASSED] - verifyElementPresent: Finding Test Object with id 'Object Repository/LoginPage/Invalid Login and Password Message']]></system-out>
         <system-err><![CDATA[2017-12-26 15:46:22 - [TEST_CASE][ERROR] - Test Cases/AllCases/My Account/SEP_FA_CustomerLogin - Iteration 3: Test Cases/AllCases/My Account/SEP_FA_CustomerLogin FAILED because (of) groovy.lang.MissingMethodException: No signature of method: static com.kms.katalon.core.webui.keyword.WebUiBuiltInKeywords.verifyElementPresent() is applicable for argument types: (com.kms.katalon.core.testobject.TestObject, java.lang.String) values: [TestObject - 'Object Repository/LoginPage/Invalid Login and Password Message', ...]
Possible solutions: verifyElementPresent(com.kms.katalon.core.testobject.TestObject, int), verifyElementPresent(com.kms.katalon.core.testobject.TestObject, int, com.kms.katalon.core.model.FailureHandling), verifyElementNotPresent(com.kms.katalon.core.testobject.TestObject, int), verifyElementNotPresent(com.kms.katalon.core.testobject.TestObject, int, com.kms.katalon.core.model.FailureHandling), verifyElementText(com.kms.katalon.core.testobject.TestObject, java.lang.String)]]></system-err>
      </testcase>
      <testcase name="Test Cases/AllCases/My Account/SEP_FA_CustomerLogin - Iteration 4" classname="Test Cases/AllCases/My Account/SEP_FA_CustomerLogin" status="ERROR">
         <error type="ERROR" message="Test Cases/AllCases/My Account/SEP_FA_CustomerLogin FAILED because (of) groovy.lang.MissingMethodException: No signature of method: static com.kms.katalon.core.webui.keyword.WebUiBuiltInKeywords.waitForElementPresent() is applicable for argument types: (com.kms.katalon.core.testobject.TestObject, java.lang.String) values: [TestObject - 'Object Repository/LoginPage/Email Required Field Message', ...]
Possible solutions: waitForElementPresent(com.kms.katalon.core.testobject.TestObject, int), waitForElementPresent(com.kms.katalon.core.testobject.TestObject, int, com.kms.katalon.core.model.FailureHandling), waitForElementNotPresent(com.kms.katalon.core.testobject.TestObject, int), waitForElementNotPresent(com.kms.katalon.core.testobject.TestObject, int, com.kms.katalon.core.model.FailureHandling)"/>
         <system-out><![CDATA[2017-12-26 15:47:01 - [TEST_CASE][ERROR] - Test Cases/AllCases/My Account/SEP_FA_CustomerLogin - Iteration 4: Test Cases/AllCases/My Account/SEP_FA_CustomerLogin FAILED because (of) groovy.lang.MissingMethodException: No signature of method: static com.kms.katalon.core.webui.keyword.WebUiBuiltInKeywords.waitForElementPresent() is applicable for argument types: (com.kms.katalon.core.testobject.TestObject, java.lang.String) values: [TestObject - 'Object Repository/LoginPage/Email Required Field Message', ...]
Possible solutions: waitForElementPresent(com.kms.katalon.core.testobject.TestObject, int), waitForElementPresent(com.kms.katalon.core.testobject.TestObject, int, com.kms.katalon.core.model.FailureHandling), waitForElementNotPresent(com.kms.katalon.core.testobject.TestObject, int), waitForElementNotPresent(com.kms.katalon.core.testobject.TestObject, int, com.kms.katalon.core.model.FailureHandling)

2017-12-26 15:47:01 - [TEST_STEP][PASSED] - Statement - println(expectation): null

2017-12-26 15:47:01 - [TEST_STEP][PASSED] - callTestCase: Call Test Case 'Test Cases/UnitCases/openSite' successfully

2017-12-26 15:47:02 - [TEST_CASE][PASSED] - Test Cases/UnitCases/openSite: Test Cases/UnitCases/openSite

2017-12-26 15:47:02 - [TEST_STEP][PASSED] - openBrowser: Browser is opened with url: ''

2017-12-26 15:47:02 - [MESSAGE][WARNING] - A browser is already opened. Closing browser and opening a new one

2017-12-26 15:47:04 - [MESSAGE][PASSED] - Browser is opened with url: ''

2017-12-26 15:47:04 - [TEST_STEP][PASSED] - maximizeWindow: Current window maximized

2017-12-26 15:47:04 - [MESSAGE][PASSED] - Current window maximized

2017-12-26 15:47:04 - [TEST_STEP][PASSED] - navigateToUrl: Navigate to 'https://www.sephora.ae/en/' successfully

2017-12-26 15:47:13 - [MESSAGE][PASSED] - Navigate to 'https://www.sephora.ae/en/' successfully

2017-12-26 15:47:13 - [TEST_STEP][PASSED] - callTestCase: Call Test Case 'Test Cases/UnitCases/closeFancyPopUp' successfully

2017-12-26 15:47:13 - [TEST_CASE][PASSED] - Test Cases/UnitCases/closeFancyPopUp: Test Cases/UnitCases/closeFancyPopUp

2017-12-26 15:47:13 - [TEST_STEP][PASSED] - waitForElementPresent: Object 'Object Repository/HomePage/Fancy Box Close Button' is present

2017-12-26 15:47:13 - [MESSAGE][WARNING] - Timeout '0' is invalid. Using default page load timeout: '30'

2017-12-26 15:47:25 - [MESSAGE][PASSED] - Object 'Object Repository/HomePage/Fancy Box Close Button' is present

2017-12-26 15:47:25 - [TEST_STEP][PASSED] - click: Object: 'Object Repository/HomePage/Fancy Box Close Button' is clicked on

2017-12-26 15:47:28 - [MESSAGE][PASSED] - Object: 'Object Repository/HomePage/Fancy Box Close Button' is clicked on

2017-12-26 15:47:28 - [TEST_STEP][PASSED] - waitForElementClickable: Object 'Object Repository/HomePage/My Account TopLink' is clickable

2017-12-26 15:47:28 - [MESSAGE][WARNING] - Timeout '0' is invalid. Using default page load timeout: '30'

2017-12-26 15:47:29 - [MESSAGE][PASSED] - Object 'Object Repository/HomePage/My Account TopLink' is clickable

2017-12-26 15:47:29 - [MESSAGE][PASSED] - Call Test Case 'Test Cases/UnitCases/closeFancyPopUp' successfully

2017-12-26 15:47:29 - [MESSAGE][PASSED] - Call Test Case 'Test Cases/UnitCases/openSite' successfully

2017-12-26 15:47:29 - [TEST_STEP][PASSED] - callTestCase: Call Test Case 'Test Cases/UnitCases/login' successfully

2017-12-26 15:47:29 - [TEST_CASE][PASSED] - Test Cases/UnitCases/login: Test Cases/UnitCases/login

2017-12-26 15:47:29 - [TEST_STEP][PASSED] - click: Object: 'Object Repository/HomePage/My Account TopLink' is clicked on

2017-12-26 15:47:35 - [MESSAGE][PASSED] - Object: 'Object Repository/HomePage/My Account TopLink' is clicked on

2017-12-26 15:47:35 - [TEST_STEP][PASSED] - waitForPageLoad: Wait for page load successfully

2017-12-26 15:47:35 - [MESSAGE][WARNING] - Timeout '0' is invalid. Using default page load timeout: '30'

2017-12-26 15:47:35 - [MESSAGE][PASSED] - Wait for page load successfully

2017-12-26 15:47:35 - [TEST_STEP][PASSED] - setText: Text '' is set on object 'Object Repository/LoginPage/Login Input Field'

2017-12-26 15:47:35 - [MESSAGE][PASSED] - Text '' is set on object 'Object Repository/LoginPage/Login Input Field'

2017-12-26 15:47:35 - [TEST_STEP][PASSED] - setText: Text '' is set on object 'Object Repository/LoginPage/Password Input Field'

2017-12-26 15:47:35 - [MESSAGE][PASSED] - Text '' is set on object 'Object Repository/LoginPage/Password Input Field'

2017-12-26 15:47:35 - [TEST_STEP][PASSED] - click: Object: 'Object Repository/LoginPage/Login Button' is clicked on

2017-12-26 15:47:36 - [MESSAGE][PASSED] - Object: 'Object Repository/LoginPage/Login Button' is clicked on

2017-12-26 15:47:36 - [MESSAGE][PASSED] - Call Test Case 'Test Cases/UnitCases/login' successfully

2017-12-26 15:47:36 - [TEST_STEP][PASSED] - Statement - switch (scene): Finding Test Object with id 'Object Repository/LoginPage/Email Required Field Message'

2017-12-26 15:47:36 - [TEST_STEP][PASSED] - Statement - case "4":: Finding Test Object with id 'Object Repository/LoginPage/Email Required Field Message'

2017-12-26 15:47:36 - [TEST_STEP][PASSED] - waitForElementPresent: Finding Test Object with id 'Object Repository/LoginPage/Email Required Field Message']]></system-out>
         <system-err><![CDATA[2017-12-26 15:47:01 - [TEST_CASE][ERROR] - Test Cases/AllCases/My Account/SEP_FA_CustomerLogin - Iteration 4: Test Cases/AllCases/My Account/SEP_FA_CustomerLogin FAILED because (of) groovy.lang.MissingMethodException: No signature of method: static com.kms.katalon.core.webui.keyword.WebUiBuiltInKeywords.waitForElementPresent() is applicable for argument types: (com.kms.katalon.core.testobject.TestObject, java.lang.String) values: [TestObject - 'Object Repository/LoginPage/Email Required Field Message', ...]
Possible solutions: waitForElementPresent(com.kms.katalon.core.testobject.TestObject, int), waitForElementPresent(com.kms.katalon.core.testobject.TestObject, int, com.kms.katalon.core.model.FailureHandling), waitForElementNotPresent(com.kms.katalon.core.testobject.TestObject, int), waitForElementNotPresent(com.kms.katalon.core.testobject.TestObject, int, com.kms.katalon.core.model.FailureHandling)]]></system-err>
      </testcase>
      <system-out><![CDATA[2017-12-26 15:44:54 - [TEST_SUITE][ERROR] - Core: Test Cases/AllCases/My Account/SEP_FA_CustomerLogin FAILED because (of) groovy.lang.MissingMethodException: No signature of method: static com.kms.katalon.core.webui.keyword.WebUiBuiltInKeywords.verifyElementPresent() is applicable for argument types: (com.kms.katalon.core.testobject.TestObject, java.lang.String) values: [TestObject - 'Object Repository/LoginPage/Invalid Login and Password Message', ...]
Possible solutions: verifyElementPresent(com.kms.katalon.core.testobject.TestObject, int), verifyElementPresent(com.kms.katalon.core.testobject.TestObject, int, com.kms.katalon.core.model.FailureHandling), verifyElementNotPresent(com.kms.katalon.core.testobject.TestObject, int), verifyElementNotPresent(com.kms.katalon.core.testobject.TestObject, int, com.kms.katalon.core.model.FailureHandling), verifyElementText(com.kms.katalon.core.testobject.TestObject, java.lang.String)]]></system-out>
      <system-err><![CDATA[2017-12-26 15:44:54 - [TEST_SUITE][ERROR] - Core: Test Cases/AllCases/My Account/SEP_FA_CustomerLogin FAILED because (of) groovy.lang.MissingMethodException: No signature of method: static com.kms.katalon.core.webui.keyword.WebUiBuiltInKeywords.verifyElementPresent() is applicable for argument types: (com.kms.katalon.core.testobject.TestObject, java.lang.String) values: [TestObject - 'Object Repository/LoginPage/Invalid Login and Password Message', ...]
Possible solutions: verifyElementPresent(com.kms.katalon.core.testobject.TestObject, int), verifyElementPresent(com.kms.katalon.core.testobject.TestObject, int, com.kms.katalon.core.model.FailureHandling), verifyElementNotPresent(com.kms.katalon.core.testobject.TestObject, int), verifyElementNotPresent(com.kms.katalon.core.testobject.TestObject, int, com.kms.katalon.core.model.FailureHandling), verifyElementText(com.kms.katalon.core.testobject.TestObject, java.lang.String)]]></system-err>
   </testsuite>
</testsuites>
