{"devicePlatform":"","logFolder":"D:\\Katalon\\Sephora\\Sephora\\Reports\\Core\\20171226_150909","runData":{"hostName":"Yassar - Yassar-PC","hostAddress":"192.168.1.197","os":"Windows 7 64bit","katalonVersion":"5.2.0.1"},"type":"TEST_SUITE","name":"Core","id":"Test Suites/Core","source":"","message":"Test Cases/AllCases/My Account/SEP_FA_CustomerLogin FAILED because (of) Variable \u0027expectation\u0027 is not defined for test case.","description":"","startTime":1514286551590,"endTime":1514286552878,"childRecords":[{"isOptional":false,"type":"TEST_CASE","name":"Test Cases/AllCases/My Account/SEP_FA_CustomerLogin - Iteration 1","id":"Test Cases/AllCases/My Account/SEP_FA_CustomerLogin","source":"D:\\\\Katalon\\\\Sephora\\\\SephoraTest Cases\\\\AllCases\\\\My Account\\\\SEP_FA_CustomerLogin.tc","message":"Test Cases/AllCases/My Account/SEP_FA_CustomerLogin FAILED because (of) Variable \u0027expectation\u0027 is not defined for test case.","description":"Assert Successful Login","startTime":1514286551904,"endTime":1514286552476,"childRecords":[{"testStatus":{"stackTrace":"","statusValue":"INFO"},"type":"MESSAGE","name":"","message":"Evaluating variables for test case","startTime":1514286552078,"endTime":0,"childRecords":[],"interuppted":false},{"testStatus":{"stackTrace":"","statusValue":"INFO"},"type":"MESSAGE","name":"","message":"Variable \u0027email\u0027 is set to rbdtest@mailinator.com","startTime":1514286552081,"endTime":0,"childRecords":[],"interuppted":false},{"testStatus":{"stackTrace":"","statusValue":"INFO"},"type":"MESSAGE","name":"","message":"Variable \u0027password\u0027 is set to Password123","startTime":1514286552081,"endTime":0,"childRecords":[],"interuppted":false},{"index":1,"isIgnoredIfFailed":false,"type":"TEST_STEP","name":"Statement - println(expectation)","description":"","startTime":1514286552465,"endTime":1514286552468,"childRecords":[],"interuppted":false},{"testStatus":{"stackTrace":"","statusValue":"ERROR"},"type":"MESSAGE","name":"","message":"Test Cases/AllCases/My Account/SEP_FA_CustomerLogin FAILED because (of) Variable \u0027expectation\u0027 is not defined for test case.","startTime":1514286552470,"endTime":0,"childRecords":[],"interuppted":false}],"interuppted":false},{"isOptional":false,"type":"TEST_CASE","name":"Test Cases/AllCases/My Account/SEP_FA_CustomerLogin - Iteration 2","id":"Test Cases/AllCases/My Account/SEP_FA_CustomerLogin","source":"D:\\\\Katalon\\\\Sephora\\\\SephoraTest Cases\\\\AllCases\\\\My Account\\\\SEP_FA_CustomerLogin.tc","message":"Test Cases/AllCases/My Account/SEP_FA_CustomerLogin FAILED because (of) Variable \u0027expectation\u0027 is not defined for test case.","description":"Assert Successful Login","startTime":1514286552530,"endTime":1514286552550,"childRecords":[{"testStatus":{"stackTrace":"","statusValue":"INFO"},"type":"MESSAGE","name":"","message":"Evaluating variables for test case","startTime":1514286552542,"endTime":0,"childRecords":[],"interuppted":false},{"testStatus":{"stackTrace":"","statusValue":"INFO"},"type":"MESSAGE","name":"","message":"Variable \u0027email\u0027 is set to autorbd20171222_170951@mailinator.com","startTime":1514286552542,"endTime":0,"childRecords":[],"interuppted":false},{"testStatus":{"stackTrace":"","statusValue":"INFO"},"type":"MESSAGE","name":"","message":"Variable \u0027password\u0027 is set to Password123","startTime":1514286552543,"endTime":0,"childRecords":[],"interuppted":false},{"index":1,"isIgnoredIfFailed":false,"type":"TEST_STEP","name":"Statement - println(expectation)","description":"","startTime":1514286552545,"endTime":1514286552546,"childRecords":[],"interuppted":false},{"testStatus":{"stackTrace":"","statusValue":"ERROR"},"type":"MESSAGE","name":"","message":"Test Cases/AllCases/My Account/SEP_FA_CustomerLogin FAILED because (of) Variable \u0027expectation\u0027 is not defined for test case.","startTime":1514286552547,"endTime":0,"childRecords":[],"interuppted":false}],"interuppted":false},{"isOptional":false,"type":"TEST_CASE","name":"Test Cases/AllCases/My Account/SEP_FA_CustomerLogin - Iteration 3","id":"Test Cases/AllCases/My Account/SEP_FA_CustomerLogin","source":"D:\\\\Katalon\\\\Sephora\\\\SephoraTest Cases\\\\AllCases\\\\My Account\\\\SEP_FA_CustomerLogin.tc","message":"Test Cases/AllCases/My Account/SEP_FA_CustomerLogin FAILED because (of) Variable \u0027expectation\u0027 is not defined for test case.","description":"Assert Successful Login","startTime":1514286552606,"endTime":1514286552682,"childRecords":[{"testStatus":{"stackTrace":"","statusValue":"INFO"},"type":"MESSAGE","name":"","message":"Evaluating variables for test case","startTime":1514286552643,"endTime":0,"childRecords":[],"interuppted":false},{"testStatus":{"stackTrace":"","statusValue":"INFO"},"type":"MESSAGE","name":"","message":"Variable \u0027email\u0027 is set to somethingThatDoesNotExist@mailinator.com","startTime":1514286552643,"endTime":0,"childRecords":[],"interuppted":false},{"testStatus":{"stackTrace":"","statusValue":"INFO"},"type":"MESSAGE","name":"","message":"Variable \u0027password\u0027 is set to Password1234","startTime":1514286552644,"endTime":0,"childRecords":[],"interuppted":false},{"index":1,"isIgnoredIfFailed":false,"type":"TEST_STEP","name":"Statement - println(expectation)","description":"","startTime":1514286552647,"endTime":1514286552667,"childRecords":[],"interuppted":false},{"testStatus":{"stackTrace":"","statusValue":"ERROR"},"type":"MESSAGE","name":"","message":"Test Cases/AllCases/My Account/SEP_FA_CustomerLogin FAILED because (of) Variable \u0027expectation\u0027 is not defined for test case.","startTime":1514286552667,"endTime":0,"childRecords":[],"interuppted":false}],"interuppted":false},{"isOptional":false,"type":"TEST_CASE","name":"Test Cases/AllCases/My Account/SEP_FA_CustomerLogin - Iteration 4","id":"Test Cases/AllCases/My Account/SEP_FA_CustomerLogin","source":"D:\\\\Katalon\\\\Sephora\\\\SephoraTest Cases\\\\AllCases\\\\My Account\\\\SEP_FA_CustomerLogin.tc","message":"Test Cases/AllCases/My Account/SEP_FA_CustomerLogin FAILED because (of) Variable \u0027expectation\u0027 is not defined for test case.","description":"Assert Successful Login","startTime":1514286552735,"endTime":1514286552826,"childRecords":[{"testStatus":{"stackTrace":"","statusValue":"INFO"},"type":"MESSAGE","name":"","message":"Evaluating variables for test case","startTime":1514286552747,"endTime":0,"childRecords":[],"interuppted":false},{"testStatus":{"stackTrace":"","statusValue":"INFO"},"type":"MESSAGE","name":"","message":"Variable \u0027email\u0027 is set to ","startTime":1514286552747,"endTime":0,"childRecords":[],"interuppted":false},{"testStatus":{"stackTrace":"","statusValue":"INFO"},"type":"MESSAGE","name":"","message":"Variable \u0027password\u0027 is set to ","startTime":1514286552748,"endTime":0,"childRecords":[],"interuppted":false},{"index":1,"isIgnoredIfFailed":false,"type":"TEST_STEP","name":"Statement - println(expectation)","description":"","startTime":1514286552749,"endTime":1514286552750,"childRecords":[],"interuppted":false},{"testStatus":{"stackTrace":"","statusValue":"ERROR"},"type":"MESSAGE","name":"","message":"Test Cases/AllCases/My Account/SEP_FA_CustomerLogin FAILED because (of) Variable \u0027expectation\u0027 is not defined for test case.","startTime":1514286552750,"endTime":0,"childRecords":[],"interuppted":false}],"interuppted":false}],"interuppted":false}