<?xml version="1.0" encoding="UTF-8"?>
<testsuites name="Core" time="1" tests="0" failures="0" errors="4">
   <testsuite name="Core" tests="0" failures="0" errors="4" time="1" timestamp="2017-12-26 15:09:11" hostname="Yassar - Yassar-PC" id="Test Suites/Core">
      <properties>
         <property name="deviceName" value=""/>
         <property name="devicePlatform" value=""/>
         <property name="logFolder" value="D:\\Katalon\\Sephora\\Sephora\\Reports\\Core\\20171226_150909"/>
         <property name="logFiles" value="D:\\Katalon\\Sephora\\Sephora\\Reports\\Core\\20171226_150909\\execution0.log"/>
         <property name="attachments" value=""/>
         <property name="hostName" value="Yassar - Yassar-PC"/>
         <property name="hostAddress" value="192.168.1.197"/>
         <property name="os" value="Windows 7 64bit"/>
         <property name="katalonVersion" value="5.2.0.1"/>
      </properties>
      <testcase name="Test Cases/AllCases/My Account/SEP_FA_CustomerLogin - Iteration 1" classname="Test Cases/AllCases/My Account/SEP_FA_CustomerLogin" status="ERROR">
         <error type="ERROR" message="Test Cases/AllCases/My Account/SEP_FA_CustomerLogin FAILED because (of) Variable 'expectation' is not defined for test case."/>
         <system-out><![CDATA[2017-12-26 15:09:11 - [TEST_CASE][ERROR] - Test Cases/AllCases/My Account/SEP_FA_CustomerLogin - Iteration 1: Test Cases/AllCases/My Account/SEP_FA_CustomerLogin FAILED because (of) Variable 'expectation' is not defined for test case.

2017-12-26 15:09:12 - [TEST_STEP][PASSED] - Statement - println(expectation): null]]></system-out>
         <system-err><![CDATA[2017-12-26 15:09:11 - [TEST_CASE][ERROR] - Test Cases/AllCases/My Account/SEP_FA_CustomerLogin - Iteration 1: Test Cases/AllCases/My Account/SEP_FA_CustomerLogin FAILED because (of) Variable 'expectation' is not defined for test case.]]></system-err>
      </testcase>
      <testcase name="Test Cases/AllCases/My Account/SEP_FA_CustomerLogin - Iteration 2" classname="Test Cases/AllCases/My Account/SEP_FA_CustomerLogin" status="ERROR">
         <error type="ERROR" message="Test Cases/AllCases/My Account/SEP_FA_CustomerLogin FAILED because (of) Variable 'expectation' is not defined for test case."/>
         <system-out><![CDATA[2017-12-26 15:09:12 - [TEST_CASE][ERROR] - Test Cases/AllCases/My Account/SEP_FA_CustomerLogin - Iteration 2: Test Cases/AllCases/My Account/SEP_FA_CustomerLogin FAILED because (of) Variable 'expectation' is not defined for test case.

2017-12-26 15:09:12 - [TEST_STEP][PASSED] - Statement - println(expectation): null]]></system-out>
         <system-err><![CDATA[2017-12-26 15:09:12 - [TEST_CASE][ERROR] - Test Cases/AllCases/My Account/SEP_FA_CustomerLogin - Iteration 2: Test Cases/AllCases/My Account/SEP_FA_CustomerLogin FAILED because (of) Variable 'expectation' is not defined for test case.]]></system-err>
      </testcase>
      <testcase name="Test Cases/AllCases/My Account/SEP_FA_CustomerLogin - Iteration 3" classname="Test Cases/AllCases/My Account/SEP_FA_CustomerLogin" status="ERROR">
         <error type="ERROR" message="Test Cases/AllCases/My Account/SEP_FA_CustomerLogin FAILED because (of) Variable 'expectation' is not defined for test case."/>
         <system-out><![CDATA[2017-12-26 15:09:12 - [TEST_CASE][ERROR] - Test Cases/AllCases/My Account/SEP_FA_CustomerLogin - Iteration 3: Test Cases/AllCases/My Account/SEP_FA_CustomerLogin FAILED because (of) Variable 'expectation' is not defined for test case.

2017-12-26 15:09:12 - [TEST_STEP][PASSED] - Statement - println(expectation): null]]></system-out>
         <system-err><![CDATA[2017-12-26 15:09:12 - [TEST_CASE][ERROR] - Test Cases/AllCases/My Account/SEP_FA_CustomerLogin - Iteration 3: Test Cases/AllCases/My Account/SEP_FA_CustomerLogin FAILED because (of) Variable 'expectation' is not defined for test case.]]></system-err>
      </testcase>
      <testcase name="Test Cases/AllCases/My Account/SEP_FA_CustomerLogin - Iteration 4" classname="Test Cases/AllCases/My Account/SEP_FA_CustomerLogin" status="ERROR">
         <error type="ERROR" message="Test Cases/AllCases/My Account/SEP_FA_CustomerLogin FAILED because (of) Variable 'expectation' is not defined for test case."/>
         <system-out><![CDATA[2017-12-26 15:09:12 - [TEST_CASE][ERROR] - Test Cases/AllCases/My Account/SEP_FA_CustomerLogin - Iteration 4: Test Cases/AllCases/My Account/SEP_FA_CustomerLogin FAILED because (of) Variable 'expectation' is not defined for test case.

2017-12-26 15:09:12 - [TEST_STEP][PASSED] - Statement - println(expectation): null]]></system-out>
         <system-err><![CDATA[2017-12-26 15:09:12 - [TEST_CASE][ERROR] - Test Cases/AllCases/My Account/SEP_FA_CustomerLogin - Iteration 4: Test Cases/AllCases/My Account/SEP_FA_CustomerLogin FAILED because (of) Variable 'expectation' is not defined for test case.]]></system-err>
      </testcase>
      <system-out><![CDATA[2017-12-26 15:09:11 - [TEST_SUITE][ERROR] - Core: Test Cases/AllCases/My Account/SEP_FA_CustomerLogin FAILED because (of) Variable 'expectation' is not defined for test case.]]></system-out>
      <system-err><![CDATA[2017-12-26 15:09:11 - [TEST_SUITE][ERROR] - Core: Test Cases/AllCases/My Account/SEP_FA_CustomerLogin FAILED because (of) Variable 'expectation' is not defined for test case.]]></system-err>
   </testsuite>
</testsuites>
