{"devicePlatform":"","logFolder":"D:\\Katalon\\Sephora\\Sephora\\Reports\\Core\\20171222_170059","runData":{"hostName":"Yassar - Yassar-PC","os":"Windows 7 64bit","katalonVersion":"5.2.0.1","browser":"Chrome 63.0.3239.84","hostAddress":"192.168.1.197","sessionId":"ceda03bcef4f5649214a8feeb2ceae11","seleniumVersion":"3.7.1","proxyInformation":"ProxyInformation{proxyOption\u003dNO_PROXY, proxyServerType\u003dHTTP, password\u003d, proxyServerAddress\u003d, proxyServerPort\u003d0}","platform":"Windows 7"},"type":"TEST_SUITE","name":"Core","id":"Test Suites/Core","source":"","message":"Test Cases/TestCases/SEP_FA_CustomerRegistration FAILED because (of) Variable \u0027firstname\u0027 is not defined for test case.","description":"","startTime":1513947661495,"endTime":1513947700725,"childRecords":[{"isOptional":false,"type":"TEST_CASE","name":"Test Cases/TestCases/SEP_FA_CustomerRegistration","id":"Test Cases/TestCases/SEP_FA_CustomerRegistration","source":"D:\\\\Katalon\\\\Sephora\\\\SephoraTest Cases\\\\TestCases\\\\SEP_FA_CustomerRegistration.tc","message":"Test Cases/TestCases/SEP_FA_CustomerRegistration FAILED because (of) Variable \u0027firstname\u0027 is not defined for test case.","description":"Assert Successful Registration","startTime":1513947661803,"endTime":1513947699945,"childRecords":[{"testStatus":{"stackTrace":"","statusValue":"INFO"},"type":"MESSAGE","name":"","message":"Evaluating variables for test case","startTime":1513947661966,"endTime":0,"childRecords":[],"interuppted":false},{"index":1,"isIgnoredIfFailed":false,"type":"TEST_STEP","name":"callTestCase","message":"Call Test Case \u0027Test Cases/UnitCases/openSite\u0027 successfully","description":"","startTime":1513947662279,"endTime":1513947689750,"childRecords":[{"isOptional":false,"type":"TEST_CASE","name":"Test Cases/UnitCases/openSite","id":"Test Cases/UnitCases/openSite","source":"D:\\\\Katalon\\\\Sephora\\\\SephoraTest Cases\\\\UnitCases\\\\openSite.tc","message":"Test Cases/UnitCases/openSite","description":"","startTime":1513947662400,"endTime":1513947689749,"childRecords":[{"testStatus":{"stackTrace":"","statusValue":"INFO"},"type":"MESSAGE","name":"","message":"Evaluating variables for test case","startTime":1513947662400,"endTime":0,"childRecords":[],"interuppted":false},{"index":1,"isIgnoredIfFailed":false,"type":"TEST_STEP","name":"openBrowser","message":"Browser is opened with url: \u0027\u0027","description":"","startTime":1513947662576,"endTime":1513947665017,"childRecords":[{"testStatus":{"stackTrace":"","statusValue":"PASSED"},"type":"MESSAGE","name":"","message":"Browser is opened with url: \u0027\u0027","startTime":1513947665016,"endTime":0,"childRecords":[],"interuppted":false}],"interuppted":false},{"index":2,"isIgnoredIfFailed":false,"type":"TEST_STEP","name":"maximizeWindow","message":"Current window maximized","description":"","startTime":1513947665018,"endTime":1513947665166,"childRecords":[{"testStatus":{"stackTrace":"","statusValue":"PASSED"},"type":"MESSAGE","name":"","message":"Current window maximized","startTime":1513947665165,"endTime":0,"childRecords":[],"interuppted":false}],"interuppted":false},{"index":3,"isIgnoredIfFailed":false,"type":"TEST_STEP","name":"navigateToUrl","message":"Navigate to \u0027https://www.sephora.ae/en/\u0027 successfully","description":"","startTime":1513947665167,"endTime":1513947676598,"childRecords":[{"testStatus":{"stackTrace":"","statusValue":"PASSED"},"type":"MESSAGE","name":"","message":"Navigate to \u0027https://www.sephora.ae/en/\u0027 successfully","startTime":1513947676597,"endTime":0,"childRecords":[],"interuppted":false}],"interuppted":false},{"index":4,"isIgnoredIfFailed":false,"type":"TEST_STEP","name":"callTestCase","message":"Call Test Case \u0027Test Cases/UnitCases/closeFancyPopUp\u0027 successfully","description":"","startTime":1513947676598,"endTime":1513947689748,"childRecords":[{"isOptional":false,"type":"TEST_CASE","name":"Test Cases/UnitCases/closeFancyPopUp","id":"Test Cases/UnitCases/closeFancyPopUp","source":"D:\\\\Katalon\\\\Sephora\\\\SephoraTest Cases\\\\UnitCases\\\\closeFancyPopUp.tc","message":"Test Cases/UnitCases/closeFancyPopUp","description":"This will close the Fancy PopUp","startTime":1513947676654,"endTime":1513947689741,"childRecords":[{"testStatus":{"stackTrace":"","statusValue":"INFO"},"type":"MESSAGE","name":"","message":"Evaluating variables for test case","startTime":1513947676660,"endTime":0,"childRecords":[],"interuppted":false},{"index":1,"isIgnoredIfFailed":false,"type":"TEST_STEP","name":"waitForElementPresent","message":"Object \u0027Object Repository/HomePage/Fancy Box Close Button\u0027 is present","description":"","startTime":1513947676795,"endTime":1513947685225,"childRecords":[{"testStatus":{"stackTrace":"","statusValue":"WARNING"},"type":"MESSAGE","name":"","message":"Timeout \u00270\u0027 is invalid. Using default page load timeout: \u002730\u0027","startTime":1513947676833,"endTime":0,"childRecords":[],"interuppted":false},{"testStatus":{"stackTrace":"","statusValue":"PASSED"},"type":"MESSAGE","name":"","message":"Object \u0027Object Repository/HomePage/Fancy Box Close Button\u0027 is present","startTime":1513947685224,"endTime":0,"childRecords":[],"interuppted":false}],"interuppted":false},{"index":2,"isIgnoredIfFailed":false,"type":"TEST_STEP","name":"click","message":"Object: \u0027Object Repository/HomePage/Fancy Box Close Button\u0027 is clicked on","description":"","startTime":1513947685225,"endTime":1513947687787,"childRecords":[{"testStatus":{"stackTrace":"","statusValue":"PASSED"},"type":"MESSAGE","name":"","message":"Object: \u0027Object Repository/HomePage/Fancy Box Close Button\u0027 is clicked on","startTime":1513947687786,"endTime":0,"childRecords":[],"interuppted":false}],"interuppted":false},{"index":3,"isIgnoredIfFailed":false,"type":"TEST_STEP","name":"waitForElementClickable","message":"Object \u0027Object Repository/HomePage/My Account TopLink\u0027 is clickable","description":"","startTime":1513947687787,"endTime":1513947689740,"childRecords":[{"testStatus":{"stackTrace":"","statusValue":"WARNING"},"type":"MESSAGE","name":"","message":"Timeout \u00270\u0027 is invalid. Using default page load timeout: \u002730\u0027","startTime":1513947687802,"endTime":0,"childRecords":[],"interuppted":false},{"testStatus":{"stackTrace":"","statusValue":"PASSED"},"type":"MESSAGE","name":"","message":"Object \u0027Object Repository/HomePage/My Account TopLink\u0027 is clickable","startTime":1513947689739,"endTime":0,"childRecords":[],"interuppted":false}],"interuppted":false},{"testStatus":{"stackTrace":"","statusValue":"PASSED"},"type":"MESSAGE","name":"","message":"Test Cases/UnitCases/closeFancyPopUp","startTime":1513947689740,"endTime":0,"childRecords":[],"interuppted":false}],"interuppted":false},{"testStatus":{"stackTrace":"","statusValue":"PASSED"},"type":"MESSAGE","name":"","message":"Call Test Case \u0027Test Cases/UnitCases/closeFancyPopUp\u0027 successfully","startTime":1513947689747,"endTime":0,"childRecords":[],"interuppted":false}],"interuppted":false},{"testStatus":{"stackTrace":"","statusValue":"PASSED"},"type":"MESSAGE","name":"","message":"Test Cases/UnitCases/openSite","startTime":1513947689749,"endTime":0,"childRecords":[],"interuppted":false}],"interuppted":false},{"testStatus":{"stackTrace":"","statusValue":"PASSED"},"type":"MESSAGE","name":"","message":"Call Test Case \u0027Test Cases/UnitCases/openSite\u0027 successfully","startTime":1513947689749,"endTime":0,"childRecords":[],"interuppted":false}],"interuppted":false},{"index":2,"isIgnoredIfFailed":false,"type":"TEST_STEP","name":"click","message":"Object: \u0027Object Repository/HomePage/My Account TopLink\u0027 is clicked on","description":"","startTime":1513947689750,"endTime":1513947695647,"childRecords":[{"testStatus":{"stackTrace":"","statusValue":"PASSED"},"type":"MESSAGE","name":"","message":"Object: \u0027Object Repository/HomePage/My Account TopLink\u0027 is clicked on","startTime":1513947695646,"endTime":0,"childRecords":[],"interuppted":false}],"interuppted":false},{"index":3,"isIgnoredIfFailed":false,"type":"TEST_STEP","name":"waitForPageLoad","message":"Wait for page load successfully","description":"","startTime":1513947695647,"endTime":1513947695704,"childRecords":[{"testStatus":{"stackTrace":"","statusValue":"WARNING"},"type":"MESSAGE","name":"","message":"Timeout \u00270\u0027 is invalid. Using default page load timeout: \u002730\u0027","startTime":1513947695661,"endTime":0,"childRecords":[],"interuppted":false},{"testStatus":{"stackTrace":"","statusValue":"PASSED"},"type":"MESSAGE","name":"","message":"Wait for page load successfully","startTime":1513947695703,"endTime":0,"childRecords":[],"interuppted":false}],"interuppted":false},{"index":4,"isIgnoredIfFailed":false,"type":"TEST_STEP","name":"click","message":"Object: \u0027Object Repository/LoginPage/Create Account Button\u0027 is clicked on","description":"","startTime":1513947695704,"endTime":1513947699329,"childRecords":[{"testStatus":{"stackTrace":"","statusValue":"PASSED"},"type":"MESSAGE","name":"","message":"Object: \u0027Object Repository/LoginPage/Create Account Button\u0027 is clicked on","startTime":1513947699326,"endTime":0,"childRecords":[],"interuppted":false}],"interuppted":false},{"index":5,"isIgnoredIfFailed":false,"type":"TEST_STEP","name":"waitForPageLoad","message":"Wait for page load successfully","description":"","startTime":1513947699330,"endTime":1513947699344,"childRecords":[{"testStatus":{"stackTrace":"","statusValue":"WARNING"},"type":"MESSAGE","name":"","message":"Timeout \u00270\u0027 is invalid. Using default page load timeout: \u002730\u0027","startTime":1513947699331,"endTime":0,"childRecords":[],"interuppted":false},{"testStatus":{"stackTrace":"","statusValue":"PASSED"},"type":"MESSAGE","name":"","message":"Wait for page load successfully","startTime":1513947699342,"endTime":0,"childRecords":[],"interuppted":false}],"interuppted":false},{"index":6,"isIgnoredIfFailed":false,"type":"TEST_STEP","name":"callTestCase","message":"Unable to call Test Case with id \u0027Test Cases/Forms/fillRegistrationForm\u0027 (Root cause: Call Test Case \u0027Test Cases/Forms/fillRegistrationForm\u0027 failed because of error(s))","description":"","startTime":1513947699344,"endTime":1513947699883,"childRecords":[{"isOptional":false,"type":"TEST_CASE","name":"Test Cases/Forms/fillRegistrationForm","id":"Test Cases/Forms/fillRegistrationForm","source":"D:\\\\Katalon\\\\Sephora\\\\SephoraTest Cases\\\\Forms\\\\fillRegistrationForm.tc","message":"Test Cases/Forms/fillRegistrationForm FAILED because (of) Variable \u0027firstname\u0027 is not defined for test case.","description":"Fill the registration Form for new customers","startTime":1513947699403,"endTime":1513947699881,"childRecords":[{"testStatus":{"stackTrace":"","statusValue":"INFO"},"type":"MESSAGE","name":"","message":"Evaluating variables for test case","startTime":1513947699413,"endTime":0,"childRecords":[],"interuppted":false},{"testStatus":{"stackTrace":"","statusValue":"INFO"},"type":"MESSAGE","name":"","message":"Variable \u0027day\u0027 is set to 05 as default","startTime":1513947699464,"endTime":0,"childRecords":[],"interuppted":false},{"testStatus":{"stackTrace":"","statusValue":"INFO"},"type":"MESSAGE","name":"","message":"Variable \u0027month\u0027 is set to 05 as default","startTime":1513947699476,"endTime":0,"childRecords":[],"interuppted":false},{"testStatus":{"stackTrace":"","statusValue":"INFO"},"type":"MESSAGE","name":"","message":"Variable \u0027year\u0027 is set to 1995 as default","startTime":1513947699488,"endTime":0,"childRecords":[],"interuppted":false},{"testStatus":{"stackTrace":"","statusValue":"INFO"},"type":"MESSAGE","name":"","message":"Variable \u0027password\u0027 is set to Password123 as default","startTime":1513947699500,"endTime":0,"childRecords":[],"interuppted":false},{"index":1,"isIgnoredIfFailed":false,"type":"TEST_STEP","name":"click","message":"Object: \u0027Object Repository/RegistrationPage/Prefix Radio Button\u0027 is clicked on","description":"","startTime":1513947699662,"endTime":1513947699870,"childRecords":[{"testStatus":{"stackTrace":"","statusValue":"PASSED"},"type":"MESSAGE","name":"","message":"Object: \u0027Object Repository/RegistrationPage/Prefix Radio Button\u0027 is clicked on","startTime":1513947699869,"endTime":0,"childRecords":[],"interuppted":false}],"interuppted":false},{"index":2,"isIgnoredIfFailed":false,"type":"TEST_STEP","name":"setText","message":"Finding Test Object with id \u0027Object Repository/RegistrationPage/Firstname Input Textfield\u0027","description":"","startTime":1513947699870,"endTime":1513947699875,"childRecords":[],"interuppted":false},{"testStatus":{"stackTrace":"","statusValue":"ERROR"},"type":"MESSAGE","name":"","message":"Test Cases/Forms/fillRegistrationForm FAILED because (of) Variable \u0027firstname\u0027 is not defined for test case.","startTime":1513947699876,"endTime":0,"childRecords":[],"interuppted":false}],"interuppted":false},{"testStatus":{"stackTrace":"","statusValue":"FAILED"},"type":"MESSAGE","name":"","message":"Unable to call Test Case with id \u0027Test Cases/Forms/fillRegistrationForm\u0027 (Root cause: Call Test Case \u0027Test Cases/Forms/fillRegistrationForm\u0027 failed because of error(s))","startTime":1513947699882,"endTime":0,"childRecords":[],"interuppted":false}],"interuppted":false},{"testStatus":{"stackTrace":"","statusValue":"ERROR"},"type":"MESSAGE","name":"","message":"Test Cases/TestCases/SEP_FA_CustomerRegistration FAILED because (of) Variable \u0027firstname\u0027 is not defined for test case.","startTime":1513947699884,"endTime":0,"childRecords":[],"interuppted":false}],"interuppted":false}],"interuppted":false}