<?xml version="1.0" encoding="UTF-8"?>
<testsuites name="Core" time="39" tests="0" failures="0" errors="1">
   <testsuite name="Core" tests="0" failures="0" errors="1" time="39" timestamp="2017-12-22 17:01:01" hostname="Yassar - Yassar-PC" id="Test Suites/Core">
      <properties>
         <property name="deviceName" value=""/>
         <property name="devicePlatform" value=""/>
         <property name="logFolder" value="D:\\Katalon\\Sephora\\Sephora\\Reports\\Core\\20171222_170059"/>
         <property name="logFiles" value="D:\\Katalon\\Sephora\\Sephora\\Reports\\Core\\20171222_170059\\execution0.log"/>
         <property name="attachments" value=""/>
         <property name="hostName" value="Yassar - Yassar-PC"/>
         <property name="os" value="Windows 7 64bit"/>
         <property name="katalonVersion" value="5.2.0.1"/>
         <property name="browser" value="Chrome 63.0.3239.84"/>
         <property name="hostAddress" value="192.168.1.197"/>
         <property name="sessionId" value="ceda03bcef4f5649214a8feeb2ceae11"/>
         <property name="seleniumVersion" value="3.7.1"/>
         <property name="proxyInformation" value="ProxyInformation{proxyOption=NO_PROXY, proxyServerType=HTTP, password=, proxyServerAddress=, proxyServerPort=0}"/>
         <property name="platform" value="Windows 7"/>
      </properties>
      <testcase name="Test Cases/TestCases/SEP_FA_CustomerRegistration" classname="Test Cases/TestCases/SEP_FA_CustomerRegistration" status="ERROR">
         <error type="ERROR" message="Test Cases/TestCases/SEP_FA_CustomerRegistration FAILED because (of) Variable 'firstname' is not defined for test case."/>
         <system-out><![CDATA[2017-12-22 17:01:01 - [TEST_CASE][ERROR] - Test Cases/TestCases/SEP_FA_CustomerRegistration: Test Cases/TestCases/SEP_FA_CustomerRegistration FAILED because (of) Variable 'firstname' is not defined for test case.

2017-12-22 17:01:02 - [TEST_STEP][PASSED] - callTestCase: Call Test Case 'Test Cases/UnitCases/openSite' successfully

2017-12-22 17:01:02 - [TEST_CASE][PASSED] - Test Cases/UnitCases/openSite: Test Cases/UnitCases/openSite

2017-12-22 17:01:02 - [TEST_STEP][PASSED] - openBrowser: Browser is opened with url: ''

2017-12-22 17:01:05 - [MESSAGE][PASSED] - Browser is opened with url: ''

2017-12-22 17:01:05 - [TEST_STEP][PASSED] - maximizeWindow: Current window maximized

2017-12-22 17:01:05 - [MESSAGE][PASSED] - Current window maximized

2017-12-22 17:01:05 - [TEST_STEP][PASSED] - navigateToUrl: Navigate to 'https://www.sephora.ae/en/' successfully

2017-12-22 17:01:16 - [MESSAGE][PASSED] - Navigate to 'https://www.sephora.ae/en/' successfully

2017-12-22 17:01:16 - [TEST_STEP][PASSED] - callTestCase: Call Test Case 'Test Cases/UnitCases/closeFancyPopUp' successfully

2017-12-22 17:01:16 - [TEST_CASE][PASSED] - Test Cases/UnitCases/closeFancyPopUp: Test Cases/UnitCases/closeFancyPopUp

2017-12-22 17:01:16 - [TEST_STEP][PASSED] - waitForElementPresent: Object 'Object Repository/HomePage/Fancy Box Close Button' is present

2017-12-22 17:01:16 - [MESSAGE][WARNING] - Timeout '0' is invalid. Using default page load timeout: '30'

2017-12-22 17:01:25 - [MESSAGE][PASSED] - Object 'Object Repository/HomePage/Fancy Box Close Button' is present

2017-12-22 17:01:25 - [TEST_STEP][PASSED] - click: Object: 'Object Repository/HomePage/Fancy Box Close Button' is clicked on

2017-12-22 17:01:27 - [MESSAGE][PASSED] - Object: 'Object Repository/HomePage/Fancy Box Close Button' is clicked on

2017-12-22 17:01:27 - [TEST_STEP][PASSED] - waitForElementClickable: Object 'Object Repository/HomePage/My Account TopLink' is clickable

2017-12-22 17:01:27 - [MESSAGE][WARNING] - Timeout '0' is invalid. Using default page load timeout: '30'

2017-12-22 17:01:29 - [MESSAGE][PASSED] - Object 'Object Repository/HomePage/My Account TopLink' is clickable

2017-12-22 17:01:29 - [MESSAGE][PASSED] - Call Test Case 'Test Cases/UnitCases/closeFancyPopUp' successfully

2017-12-22 17:01:29 - [MESSAGE][PASSED] - Call Test Case 'Test Cases/UnitCases/openSite' successfully

2017-12-22 17:01:29 - [TEST_STEP][PASSED] - click: Object: 'Object Repository/HomePage/My Account TopLink' is clicked on

2017-12-22 17:01:35 - [MESSAGE][PASSED] - Object: 'Object Repository/HomePage/My Account TopLink' is clicked on

2017-12-22 17:01:35 - [TEST_STEP][PASSED] - waitForPageLoad: Wait for page load successfully

2017-12-22 17:01:35 - [MESSAGE][WARNING] - Timeout '0' is invalid. Using default page load timeout: '30'

2017-12-22 17:01:35 - [MESSAGE][PASSED] - Wait for page load successfully

2017-12-22 17:01:35 - [TEST_STEP][PASSED] - click: Object: 'Object Repository/LoginPage/Create Account Button' is clicked on

2017-12-22 17:01:39 - [MESSAGE][PASSED] - Object: 'Object Repository/LoginPage/Create Account Button' is clicked on

2017-12-22 17:01:39 - [TEST_STEP][PASSED] - waitForPageLoad: Wait for page load successfully

2017-12-22 17:01:39 - [MESSAGE][WARNING] - Timeout '0' is invalid. Using default page load timeout: '30'

2017-12-22 17:01:39 - [MESSAGE][PASSED] - Wait for page load successfully

2017-12-22 17:01:39 - [TEST_STEP][FAILED] - callTestCase: Unable to call Test Case with id 'Test Cases/Forms/fillRegistrationForm' (Root cause: Call Test Case 'Test Cases/Forms/fillRegistrationForm' failed because of error(s))

2017-12-22 17:01:39 - [TEST_CASE][ERROR] - Test Cases/Forms/fillRegistrationForm: Test Cases/Forms/fillRegistrationForm FAILED because (of) Variable 'firstname' is not defined for test case.

2017-12-22 17:01:39 - [TEST_STEP][PASSED] - click: Object: 'Object Repository/RegistrationPage/Prefix Radio Button' is clicked on

2017-12-22 17:01:39 - [MESSAGE][PASSED] - Object: 'Object Repository/RegistrationPage/Prefix Radio Button' is clicked on

2017-12-22 17:01:39 - [TEST_STEP][PASSED] - setText: Finding Test Object with id 'Object Repository/RegistrationPage/Firstname Input Textfield'

2017-12-22 17:01:39 - [MESSAGE][FAILED] - Unable to call Test Case with id 'Test Cases/Forms/fillRegistrationForm' (Root cause: Call Test Case 'Test Cases/Forms/fillRegistrationForm' failed because of error(s))]]></system-out>
         <system-err><![CDATA[2017-12-22 17:01:01 - [TEST_CASE][ERROR] - Test Cases/TestCases/SEP_FA_CustomerRegistration: Test Cases/TestCases/SEP_FA_CustomerRegistration FAILED because (of) Variable 'firstname' is not defined for test case.]]></system-err>
      </testcase>
      <system-out><![CDATA[2017-12-22 17:01:01 - [TEST_SUITE][ERROR] - Core: Test Cases/TestCases/SEP_FA_CustomerRegistration FAILED because (of) Variable 'firstname' is not defined for test case.]]></system-out>
      <system-err><![CDATA[2017-12-22 17:01:01 - [TEST_SUITE][ERROR] - Core: Test Cases/TestCases/SEP_FA_CustomerRegistration FAILED because (of) Variable 'firstname' is not defined for test case.]]></system-err>
   </testsuite>
</testsuites>
