<?xml version="1.0" encoding="UTF-8"?>
<testsuites name="Core" time="158" tests="1" failures="1" errors="2">
   <testsuite name="Core" tests="1" failures="1" errors="2" time="158" timestamp="2017-12-26 15:58:04" hostname="Yassar - Yassar-PC" id="Test Suites/Core">
      <properties>
         <property name="deviceName" value=""/>
         <property name="devicePlatform" value=""/>
         <property name="logFolder" value="D:\\Katalon\\Sephora\\Sephora\\Reports\\Core\\20171226_155802"/>
         <property name="logFiles" value="D:\\Katalon\\Sephora\\Sephora\\Reports\\Core\\20171226_155802\\execution0.log"/>
         <property name="attachments" value="D:\\Katalon\\Sephora\\Sephora\\Reports\\Core\\20171226_155802\\1514289521240.png, D:\\Katalon\\Sephora\\Sephora\\Reports\\Core\\20171226_155802\\1514289521709.png"/>
         <property name="hostName" value="Yassar - Yassar-PC"/>
         <property name="os" value="Windows 7 64bit"/>
         <property name="katalonVersion" value="5.2.0.1"/>
         <property name="browser" value="Chrome 63.0.3239.108"/>
         <property name="hostAddress" value="192.168.1.197"/>
         <property name="sessionId" value="1299fb268820b93a1ab4ea514104b24f"/>
         <property name="seleniumVersion" value="3.7.1"/>
         <property name="proxyInformation" value="ProxyInformation{proxyOption=NO_PROXY, proxyServerType=HTTP, password=, proxyServerAddress=, proxyServerPort=0}"/>
         <property name="platform" value="Windows 7"/>
      </properties>
      <testcase name="Test Cases/AllCases/My Account/SEP_FA_CustomerLogin - Iteration 1" classname="Test Cases/AllCases/My Account/SEP_FA_CustomerLogin" status="FAILED">
         <failure type="FAILED" message="Test Cases/AllCases/My Account/SEP_FA_CustomerLogin FAILED because (of) Verify element text of test object 'Object Repository/LoginPage/Email Required Field Message' FAILED. (Root cause: Actual text 'This is a required field.' and expected text 'This is a required field' of test object 'Object Repository/LoginPage/Email Required Field Message' are NOT matched.)"/>
         <system-out><![CDATA[2017-12-26 15:58:04 - [TEST_CASE][FAILED] - Test Cases/AllCases/My Account/SEP_FA_CustomerLogin - Iteration 1: Test Cases/AllCases/My Account/SEP_FA_CustomerLogin FAILED because (of) Verify element text of test object 'Object Repository/LoginPage/Email Required Field Message' FAILED. (Root cause: Actual text 'This is a required field.' and expected text 'This is a required field' of test object 'Object Repository/LoginPage/Email Required Field Message' are NOT matched.)

2017-12-26 15:58:05 - [TEST_STEP][PASSED] - Statement - println(expectation): null

2017-12-26 15:58:05 - [TEST_STEP][PASSED] - callTestCase: Call Test Case 'Test Cases/UnitCases/openSite' successfully

2017-12-26 15:58:05 - [TEST_CASE][PASSED] - Test Cases/UnitCases/openSite: Test Cases/UnitCases/openSite

2017-12-26 15:58:05 - [TEST_STEP][PASSED] - openBrowser: Browser is opened with url: ''

2017-12-26 15:58:07 - [MESSAGE][PASSED] - Browser is opened with url: ''

2017-12-26 15:58:07 - [TEST_STEP][PASSED] - maximizeWindow: Current window maximized

2017-12-26 15:58:08 - [MESSAGE][PASSED] - Current window maximized

2017-12-26 15:58:08 - [TEST_STEP][PASSED] - navigateToUrl: Navigate to 'https://www.sephora.ae/en/' successfully

2017-12-26 15:58:18 - [MESSAGE][PASSED] - Navigate to 'https://www.sephora.ae/en/' successfully

2017-12-26 15:58:18 - [TEST_STEP][PASSED] - callTestCase: Call Test Case 'Test Cases/UnitCases/closeFancyPopUp' successfully

2017-12-26 15:58:18 - [TEST_CASE][PASSED] - Test Cases/UnitCases/closeFancyPopUp: Test Cases/UnitCases/closeFancyPopUp

2017-12-26 15:58:18 - [TEST_STEP][PASSED] - waitForElementPresent: Object 'Object Repository/HomePage/Fancy Box Close Button' is present

2017-12-26 15:58:18 - [MESSAGE][WARNING] - Timeout '0' is invalid. Using default page load timeout: '30'

2017-12-26 15:58:28 - [MESSAGE][PASSED] - Object 'Object Repository/HomePage/Fancy Box Close Button' is present

2017-12-26 15:58:28 - [TEST_STEP][PASSED] - click: Object: 'Object Repository/HomePage/Fancy Box Close Button' is clicked on

2017-12-26 15:58:30 - [MESSAGE][PASSED] - Object: 'Object Repository/HomePage/Fancy Box Close Button' is clicked on

2017-12-26 15:58:30 - [TEST_STEP][PASSED] - waitForElementClickable: Object 'Object Repository/HomePage/My Account TopLink' is clickable

2017-12-26 15:58:30 - [MESSAGE][WARNING] - Timeout '0' is invalid. Using default page load timeout: '30'

2017-12-26 15:58:32 - [MESSAGE][PASSED] - Object 'Object Repository/HomePage/My Account TopLink' is clickable

2017-12-26 15:58:32 - [MESSAGE][PASSED] - Call Test Case 'Test Cases/UnitCases/closeFancyPopUp' successfully

2017-12-26 15:58:32 - [MESSAGE][PASSED] - Call Test Case 'Test Cases/UnitCases/openSite' successfully

2017-12-26 15:58:32 - [TEST_STEP][PASSED] - callTestCase: Call Test Case 'Test Cases/UnitCases/login' successfully

2017-12-26 15:58:32 - [TEST_CASE][PASSED] - Test Cases/UnitCases/login: Test Cases/UnitCases/login

2017-12-26 15:58:32 - [TEST_STEP][PASSED] - click: Object: 'Object Repository/HomePage/My Account TopLink' is clicked on

2017-12-26 15:58:38 - [MESSAGE][PASSED] - Object: 'Object Repository/HomePage/My Account TopLink' is clicked on

2017-12-26 15:58:38 - [TEST_STEP][PASSED] - waitForPageLoad: Wait for page load successfully

2017-12-26 15:58:38 - [MESSAGE][WARNING] - Timeout '0' is invalid. Using default page load timeout: '30'

2017-12-26 15:58:38 - [MESSAGE][PASSED] - Wait for page load successfully

2017-12-26 15:58:38 - [TEST_STEP][PASSED] - setText: Text '' is set on object 'Object Repository/LoginPage/Login Input Field'

2017-12-26 15:58:38 - [MESSAGE][PASSED] - Text '' is set on object 'Object Repository/LoginPage/Login Input Field'

2017-12-26 15:58:38 - [TEST_STEP][PASSED] - setText: Text '' is set on object 'Object Repository/LoginPage/Password Input Field'

2017-12-26 15:58:38 - [MESSAGE][PASSED] - Text '' is set on object 'Object Repository/LoginPage/Password Input Field'

2017-12-26 15:58:38 - [TEST_STEP][PASSED] - click: Object: 'Object Repository/LoginPage/Login Button' is clicked on

2017-12-26 15:58:39 - [MESSAGE][PASSED] - Object: 'Object Repository/LoginPage/Login Button' is clicked on

2017-12-26 15:58:39 - [MESSAGE][PASSED] - Call Test Case 'Test Cases/UnitCases/login' successfully

2017-12-26 15:58:39 - [TEST_STEP][FAILED] - Statement - switch (scene): Verify element text of test object 'Object Repository/LoginPage/Email Required Field Message' FAILED. (Root cause: Actual text 'This is a required field.' and expected text 'This is a required field' of test object 'Object Repository/LoginPage/Email Required Field Message' are NOT matched.)

2017-12-26 15:58:39 - [TEST_STEP][FAILED] - Statement - case "4":: Verify element text of test object 'Object Repository/LoginPage/Email Required Field Message' FAILED. (Root cause: Actual text 'This is a required field.' and expected text 'This is a required field' of test object 'Object Repository/LoginPage/Email Required Field Message' are NOT matched.)

2017-12-26 15:58:39 - [TEST_STEP][PASSED] - waitForElementPresent: Object 'Object Repository/LoginPage/Create Account Button' is present

2017-12-26 15:58:39 - [MESSAGE][WARNING] - Timeout '0' is invalid. Using default page load timeout: '30'

2017-12-26 15:58:40 - [MESSAGE][PASSED] - Object 'Object Repository/LoginPage/Create Account Button' is present

2017-12-26 15:58:40 - [TEST_STEP][FAILED] - verifyElementText: Verify element text of test object 'Object Repository/LoginPage/Email Required Field Message' FAILED. (Root cause: Actual text 'This is a required field.' and expected text 'This is a required field' of test object 'Object Repository/LoginPage/Email Required Field Message' are NOT matched.)

2017-12-26 15:58:41 - [MESSAGE][FAILED] - Actual text 'This is a required field.' and expected text 'This is a required field' of test object 'Object Repository/LoginPage/Email Required Field Message' are NOT matched.
[[ATTACHMENT|D:\\Katalon\\Sephora\\Sephora\\Reports\\Core\\20171226_155802\\1514289521240.png]]

2017-12-26 15:58:42 - [MESSAGE][FAILED] - Verify element text of test object 'Object Repository/LoginPage/Email Required Field Message' FAILED. (Root cause: Actual text 'This is a required field.' and expected text 'This is a required field' of test object 'Object Repository/LoginPage/Email Required Field Message' are NOT matched.)
[[ATTACHMENT|D:\\Katalon\\Sephora\\Sephora\\Reports\\Core\\20171226_155802\\1514289521709.png]]]]></system-out>
         <system-err><![CDATA[2017-12-26 15:58:04 - [TEST_CASE][FAILED] - Test Cases/AllCases/My Account/SEP_FA_CustomerLogin - Iteration 1: Test Cases/AllCases/My Account/SEP_FA_CustomerLogin FAILED because (of) Verify element text of test object 'Object Repository/LoginPage/Email Required Field Message' FAILED. (Root cause: Actual text 'This is a required field.' and expected text 'This is a required field' of test object 'Object Repository/LoginPage/Email Required Field Message' are NOT matched.)]]></system-err>
      </testcase>
      <testcase name="Test Cases/AllCases/My Account/SEP_FA_CustomerLogin - Iteration 2" classname="Test Cases/AllCases/My Account/SEP_FA_CustomerLogin" status="PASSED">
         <system-out><![CDATA[2017-12-26 15:58:42 - [TEST_CASE][PASSED] - Test Cases/AllCases/My Account/SEP_FA_CustomerLogin - Iteration 2: Test Cases/AllCases/My Account/SEP_FA_CustomerLogin

2017-12-26 15:58:42 - [TEST_STEP][PASSED] - Statement - println(expectation): null

2017-12-26 15:58:42 - [TEST_STEP][PASSED] - callTestCase: Call Test Case 'Test Cases/UnitCases/openSite' successfully

2017-12-26 15:58:42 - [TEST_CASE][PASSED] - Test Cases/UnitCases/openSite: Test Cases/UnitCases/openSite

2017-12-26 15:58:42 - [TEST_STEP][PASSED] - openBrowser: Browser is opened with url: ''

2017-12-26 15:58:42 - [MESSAGE][WARNING] - A browser is already opened. Closing browser and opening a new one

2017-12-26 15:58:45 - [MESSAGE][PASSED] - Browser is opened with url: ''

2017-12-26 15:58:45 - [TEST_STEP][PASSED] - maximizeWindow: Current window maximized

2017-12-26 15:58:45 - [MESSAGE][PASSED] - Current window maximized

2017-12-26 15:58:45 - [TEST_STEP][PASSED] - navigateToUrl: Navigate to 'https://www.sephora.ae/en/' successfully

2017-12-26 15:58:56 - [MESSAGE][PASSED] - Navigate to 'https://www.sephora.ae/en/' successfully

2017-12-26 15:58:56 - [TEST_STEP][PASSED] - callTestCase: Call Test Case 'Test Cases/UnitCases/closeFancyPopUp' successfully

2017-12-26 15:58:56 - [TEST_CASE][PASSED] - Test Cases/UnitCases/closeFancyPopUp: Test Cases/UnitCases/closeFancyPopUp

2017-12-26 15:58:56 - [TEST_STEP][PASSED] - waitForElementPresent: Object 'Object Repository/HomePage/Fancy Box Close Button' is present

2017-12-26 15:58:56 - [MESSAGE][WARNING] - Timeout '0' is invalid. Using default page load timeout: '30'

2017-12-26 15:59:06 - [MESSAGE][PASSED] - Object 'Object Repository/HomePage/Fancy Box Close Button' is present

2017-12-26 15:59:06 - [TEST_STEP][PASSED] - click: Object: 'Object Repository/HomePage/Fancy Box Close Button' is clicked on

2017-12-26 15:59:08 - [MESSAGE][PASSED] - Object: 'Object Repository/HomePage/Fancy Box Close Button' is clicked on

2017-12-26 15:59:08 - [TEST_STEP][PASSED] - waitForElementClickable: Object 'Object Repository/HomePage/My Account TopLink' is clickable

2017-12-26 15:59:08 - [MESSAGE][WARNING] - Timeout '0' is invalid. Using default page load timeout: '30'

2017-12-26 15:59:10 - [MESSAGE][PASSED] - Object 'Object Repository/HomePage/My Account TopLink' is clickable

2017-12-26 15:59:10 - [MESSAGE][PASSED] - Call Test Case 'Test Cases/UnitCases/closeFancyPopUp' successfully

2017-12-26 15:59:10 - [MESSAGE][PASSED] - Call Test Case 'Test Cases/UnitCases/openSite' successfully

2017-12-26 15:59:10 - [TEST_STEP][PASSED] - callTestCase: Call Test Case 'Test Cases/UnitCases/login' successfully

2017-12-26 15:59:10 - [TEST_CASE][PASSED] - Test Cases/UnitCases/login: Test Cases/UnitCases/login

2017-12-26 15:59:10 - [TEST_STEP][PASSED] - click: Object: 'Object Repository/HomePage/My Account TopLink' is clicked on

2017-12-26 15:59:16 - [MESSAGE][PASSED] - Object: 'Object Repository/HomePage/My Account TopLink' is clicked on

2017-12-26 15:59:16 - [TEST_STEP][PASSED] - waitForPageLoad: Wait for page load successfully

2017-12-26 15:59:16 - [MESSAGE][WARNING] - Timeout '0' is invalid. Using default page load timeout: '30'

2017-12-26 15:59:16 - [MESSAGE][PASSED] - Wait for page load successfully

2017-12-26 15:59:16 - [TEST_STEP][PASSED] - setText: Text 'rbdtest@mailinator.com' is set on object 'Object Repository/LoginPage/Login Input Field'

2017-12-26 15:59:16 - [MESSAGE][PASSED] - Text 'rbdtest@mailinator.com' is set on object 'Object Repository/LoginPage/Login Input Field'

2017-12-26 15:59:16 - [TEST_STEP][PASSED] - setText: Text 'Password123' is set on object 'Object Repository/LoginPage/Password Input Field'

2017-12-26 15:59:16 - [MESSAGE][PASSED] - Text 'Password123' is set on object 'Object Repository/LoginPage/Password Input Field'

2017-12-26 15:59:16 - [TEST_STEP][PASSED] - click: Object: 'Object Repository/LoginPage/Login Button' is clicked on

2017-12-26 15:59:26 - [MESSAGE][PASSED] - Object: 'Object Repository/LoginPage/Login Button' is clicked on

2017-12-26 15:59:26 - [MESSAGE][PASSED] - Call Test Case 'Test Cases/UnitCases/login' successfully

2017-12-26 15:59:26 - [TEST_STEP][PASSED] - Statement - switch (scene): null

2017-12-26 15:59:26 - [TEST_STEP][PASSED] - Statement - case "1":: null

2017-12-26 15:59:26 - [TEST_STEP][PASSED] - waitForPageLoad: Wait for page load successfully

2017-12-26 15:59:26 - [MESSAGE][WARNING] - Timeout '0' is invalid. Using default page load timeout: '30'

2017-12-26 15:59:26 - [MESSAGE][PASSED] - Wait for page load successfully

2017-12-26 15:59:26 - [TEST_STEP][PASSED] - verifyElementPresent: Object 'Object Repository/HomePage/Welcome Message' is present

2017-12-26 15:59:26 - [MESSAGE][WARNING] - Timeout '0' is invalid. Using default page load timeout: '30'

2017-12-26 15:59:27 - [MESSAGE][PASSED] - Object 'Object Repository/HomePage/Welcome Message' is present

2017-12-26 15:59:27 - [TEST_STEP][PASSED] - verifyTextPresent: Text 'Hello Jack' is present on page 

2017-12-26 15:59:27 - [MESSAGE][PASSED] - Text 'Hello Jack' is present on page 

2017-12-26 15:59:27 - [TEST_STEP][PASSED] - Statement - Break: null

2017-12-26 15:59:27 - [TEST_STEP][PASSED] - closeBrowser: Browser is closed

2017-12-26 15:59:28 - [MESSAGE][PASSED] - Browser is closed]]></system-out>
         <system-err><![CDATA[]]></system-err>
      </testcase>
      <testcase name="Test Cases/AllCases/My Account/SEP_FA_CustomerLogin - Iteration 3" classname="Test Cases/AllCases/My Account/SEP_FA_CustomerLogin" status="ERROR">
         <error type="ERROR" message="Test Cases/AllCases/My Account/SEP_FA_CustomerLogin FAILED because (of) groovy.lang.MissingMethodException: No signature of method: static com.kms.katalon.core.webui.keyword.WebUiBuiltInKeywords.verifyElementPresent() is applicable for argument types: (com.kms.katalon.core.testobject.TestObject, java.lang.String) values: [TestObject - 'Object Repository/LoginPage/Invalid Login and Password Message', ...]
Possible solutions: verifyElementPresent(com.kms.katalon.core.testobject.TestObject, int), verifyElementPresent(com.kms.katalon.core.testobject.TestObject, int, com.kms.katalon.core.model.FailureHandling), verifyElementNotPresent(com.kms.katalon.core.testobject.TestObject, int), verifyElementNotPresent(com.kms.katalon.core.testobject.TestObject, int, com.kms.katalon.core.model.FailureHandling), verifyElementText(com.kms.katalon.core.testobject.TestObject, java.lang.String)"/>
         <system-out><![CDATA[2017-12-26 15:59:28 - [TEST_CASE][ERROR] - Test Cases/AllCases/My Account/SEP_FA_CustomerLogin - Iteration 3: Test Cases/AllCases/My Account/SEP_FA_CustomerLogin FAILED because (of) groovy.lang.MissingMethodException: No signature of method: static com.kms.katalon.core.webui.keyword.WebUiBuiltInKeywords.verifyElementPresent() is applicable for argument types: (com.kms.katalon.core.testobject.TestObject, java.lang.String) values: [TestObject - 'Object Repository/LoginPage/Invalid Login and Password Message', ...]
Possible solutions: verifyElementPresent(com.kms.katalon.core.testobject.TestObject, int), verifyElementPresent(com.kms.katalon.core.testobject.TestObject, int, com.kms.katalon.core.model.FailureHandling), verifyElementNotPresent(com.kms.katalon.core.testobject.TestObject, int), verifyElementNotPresent(com.kms.katalon.core.testobject.TestObject, int, com.kms.katalon.core.model.FailureHandling), verifyElementText(com.kms.katalon.core.testobject.TestObject, java.lang.String)

2017-12-26 15:59:28 - [TEST_STEP][PASSED] - Statement - println(expectation): null

2017-12-26 15:59:28 - [TEST_STEP][PASSED] - callTestCase: Call Test Case 'Test Cases/UnitCases/openSite' successfully

2017-12-26 15:59:28 - [TEST_CASE][PASSED] - Test Cases/UnitCases/openSite: Test Cases/UnitCases/openSite

2017-12-26 15:59:28 - [TEST_STEP][PASSED] - openBrowser: Browser is opened with url: ''

2017-12-26 15:59:31 - [MESSAGE][PASSED] - Browser is opened with url: ''

2017-12-26 15:59:31 - [TEST_STEP][PASSED] - maximizeWindow: Current window maximized

2017-12-26 15:59:31 - [MESSAGE][PASSED] - Current window maximized

2017-12-26 15:59:31 - [TEST_STEP][PASSED] - navigateToUrl: Navigate to 'https://www.sephora.ae/en/' successfully

2017-12-26 15:59:41 - [MESSAGE][PASSED] - Navigate to 'https://www.sephora.ae/en/' successfully

2017-12-26 15:59:41 - [TEST_STEP][PASSED] - callTestCase: Call Test Case 'Test Cases/UnitCases/closeFancyPopUp' successfully

2017-12-26 15:59:41 - [TEST_CASE][PASSED] - Test Cases/UnitCases/closeFancyPopUp: Test Cases/UnitCases/closeFancyPopUp

2017-12-26 15:59:41 - [TEST_STEP][PASSED] - waitForElementPresent: Object 'Object Repository/HomePage/Fancy Box Close Button' is present

2017-12-26 15:59:41 - [MESSAGE][WARNING] - Timeout '0' is invalid. Using default page load timeout: '30'

2017-12-26 15:59:51 - [MESSAGE][PASSED] - Object 'Object Repository/HomePage/Fancy Box Close Button' is present

2017-12-26 15:59:51 - [TEST_STEP][PASSED] - click: Object: 'Object Repository/HomePage/Fancy Box Close Button' is clicked on

2017-12-26 15:59:53 - [MESSAGE][PASSED] - Object: 'Object Repository/HomePage/Fancy Box Close Button' is clicked on

2017-12-26 15:59:53 - [TEST_STEP][PASSED] - waitForElementClickable: Object 'Object Repository/HomePage/My Account TopLink' is clickable

2017-12-26 15:59:53 - [MESSAGE][WARNING] - Timeout '0' is invalid. Using default page load timeout: '30'

2017-12-26 15:59:55 - [MESSAGE][PASSED] - Object 'Object Repository/HomePage/My Account TopLink' is clickable

2017-12-26 15:59:55 - [MESSAGE][PASSED] - Call Test Case 'Test Cases/UnitCases/closeFancyPopUp' successfully

2017-12-26 15:59:55 - [MESSAGE][PASSED] - Call Test Case 'Test Cases/UnitCases/openSite' successfully

2017-12-26 15:59:55 - [TEST_STEP][PASSED] - callTestCase: Call Test Case 'Test Cases/UnitCases/login' successfully

2017-12-26 15:59:55 - [TEST_CASE][PASSED] - Test Cases/UnitCases/login: Test Cases/UnitCases/login

2017-12-26 15:59:55 - [TEST_STEP][PASSED] - click: Object: 'Object Repository/HomePage/My Account TopLink' is clicked on

2017-12-26 16:00:00 - [MESSAGE][PASSED] - Object: 'Object Repository/HomePage/My Account TopLink' is clicked on

2017-12-26 16:00:00 - [TEST_STEP][PASSED] - waitForPageLoad: Wait for page load successfully

2017-12-26 16:00:00 - [MESSAGE][WARNING] - Timeout '0' is invalid. Using default page load timeout: '30'

2017-12-26 16:00:00 - [MESSAGE][PASSED] - Wait for page load successfully

2017-12-26 16:00:00 - [TEST_STEP][PASSED] - setText: Text 'autorbd20171222_170951@mailinator.com' is set on object 'Object Repository/LoginPage/Login Input Field'

2017-12-26 16:00:00 - [MESSAGE][PASSED] - Text 'autorbd20171222_170951@mailinator.com' is set on object 'Object Repository/LoginPage/Login Input Field'

2017-12-26 16:00:00 - [TEST_STEP][PASSED] - setText: Text 'Password123asd' is set on object 'Object Repository/LoginPage/Password Input Field'

2017-12-26 16:00:01 - [MESSAGE][PASSED] - Text 'Password123asd' is set on object 'Object Repository/LoginPage/Password Input Field'

2017-12-26 16:00:01 - [TEST_STEP][PASSED] - click: Object: 'Object Repository/LoginPage/Login Button' is clicked on

2017-12-26 16:00:05 - [MESSAGE][PASSED] - Object: 'Object Repository/LoginPage/Login Button' is clicked on

2017-12-26 16:00:05 - [MESSAGE][PASSED] - Call Test Case 'Test Cases/UnitCases/login' successfully

2017-12-26 16:00:05 - [TEST_STEP][PASSED] - Statement - switch (scene): Finding Test Object with id 'Object Repository/LoginPage/Invalid Login and Password Message'

2017-12-26 16:00:05 - [TEST_STEP][PASSED] - Statement - case "2":: Finding Test Object with id 'Object Repository/LoginPage/Invalid Login and Password Message'

2017-12-26 16:00:05 - [TEST_STEP][PASSED] - waitForPageLoad: Wait for page load successfully

2017-12-26 16:00:05 - [MESSAGE][WARNING] - Timeout '0' is invalid. Using default page load timeout: '30'

2017-12-26 16:00:05 - [MESSAGE][PASSED] - Wait for page load successfully

2017-12-26 16:00:05 - [TEST_STEP][PASSED] - verifyElementPresent: Finding Test Object with id 'Object Repository/LoginPage/Invalid Login and Password Message']]></system-out>
         <system-err><![CDATA[2017-12-26 15:59:28 - [TEST_CASE][ERROR] - Test Cases/AllCases/My Account/SEP_FA_CustomerLogin - Iteration 3: Test Cases/AllCases/My Account/SEP_FA_CustomerLogin FAILED because (of) groovy.lang.MissingMethodException: No signature of method: static com.kms.katalon.core.webui.keyword.WebUiBuiltInKeywords.verifyElementPresent() is applicable for argument types: (com.kms.katalon.core.testobject.TestObject, java.lang.String) values: [TestObject - 'Object Repository/LoginPage/Invalid Login and Password Message', ...]
Possible solutions: verifyElementPresent(com.kms.katalon.core.testobject.TestObject, int), verifyElementPresent(com.kms.katalon.core.testobject.TestObject, int, com.kms.katalon.core.model.FailureHandling), verifyElementNotPresent(com.kms.katalon.core.testobject.TestObject, int), verifyElementNotPresent(com.kms.katalon.core.testobject.TestObject, int, com.kms.katalon.core.model.FailureHandling), verifyElementText(com.kms.katalon.core.testobject.TestObject, java.lang.String)]]></system-err>
      </testcase>
      <testcase name="Test Cases/AllCases/My Account/SEP_FA_CustomerLogin - Iteration 4" classname="Test Cases/AllCases/My Account/SEP_FA_CustomerLogin" status="ERROR">
         <error type="ERROR" message="Test Cases/AllCases/My Account/SEP_FA_CustomerLogin FAILED because (of) groovy.lang.MissingMethodException: No signature of method: static com.kms.katalon.core.webui.keyword.WebUiBuiltInKeywords.verifyElementPresent() is applicable for argument types: (com.kms.katalon.core.testobject.TestObject, java.lang.String) values: [TestObject - 'Object Repository/LoginPage/Invalid Login and Password Message', ...]
Possible solutions: verifyElementPresent(com.kms.katalon.core.testobject.TestObject, int), verifyElementPresent(com.kms.katalon.core.testobject.TestObject, int, com.kms.katalon.core.model.FailureHandling), verifyElementNotPresent(com.kms.katalon.core.testobject.TestObject, int), verifyElementNotPresent(com.kms.katalon.core.testobject.TestObject, int, com.kms.katalon.core.model.FailureHandling), verifyElementText(com.kms.katalon.core.testobject.TestObject, java.lang.String)"/>
         <system-out><![CDATA[2017-12-26 16:00:05 - [TEST_CASE][ERROR] - Test Cases/AllCases/My Account/SEP_FA_CustomerLogin - Iteration 4: Test Cases/AllCases/My Account/SEP_FA_CustomerLogin FAILED because (of) groovy.lang.MissingMethodException: No signature of method: static com.kms.katalon.core.webui.keyword.WebUiBuiltInKeywords.verifyElementPresent() is applicable for argument types: (com.kms.katalon.core.testobject.TestObject, java.lang.String) values: [TestObject - 'Object Repository/LoginPage/Invalid Login and Password Message', ...]
Possible solutions: verifyElementPresent(com.kms.katalon.core.testobject.TestObject, int), verifyElementPresent(com.kms.katalon.core.testobject.TestObject, int, com.kms.katalon.core.model.FailureHandling), verifyElementNotPresent(com.kms.katalon.core.testobject.TestObject, int), verifyElementNotPresent(com.kms.katalon.core.testobject.TestObject, int, com.kms.katalon.core.model.FailureHandling), verifyElementText(com.kms.katalon.core.testobject.TestObject, java.lang.String)

2017-12-26 16:00:05 - [TEST_STEP][PASSED] - Statement - println(expectation): null

2017-12-26 16:00:05 - [TEST_STEP][PASSED] - callTestCase: Call Test Case 'Test Cases/UnitCases/openSite' successfully

2017-12-26 16:00:05 - [TEST_CASE][PASSED] - Test Cases/UnitCases/openSite: Test Cases/UnitCases/openSite

2017-12-26 16:00:05 - [TEST_STEP][PASSED] - openBrowser: Browser is opened with url: ''

2017-12-26 16:00:05 - [MESSAGE][WARNING] - A browser is already opened. Closing browser and opening a new one

2017-12-26 16:00:07 - [MESSAGE][PASSED] - Browser is opened with url: ''

2017-12-26 16:00:07 - [TEST_STEP][PASSED] - maximizeWindow: Current window maximized

2017-12-26 16:00:08 - [MESSAGE][PASSED] - Current window maximized

2017-12-26 16:00:08 - [TEST_STEP][PASSED] - navigateToUrl: Navigate to 'https://www.sephora.ae/en/' successfully

2017-12-26 16:00:19 - [MESSAGE][PASSED] - Navigate to 'https://www.sephora.ae/en/' successfully

2017-12-26 16:00:19 - [TEST_STEP][PASSED] - callTestCase: Call Test Case 'Test Cases/UnitCases/closeFancyPopUp' successfully

2017-12-26 16:00:19 - [TEST_CASE][PASSED] - Test Cases/UnitCases/closeFancyPopUp: Test Cases/UnitCases/closeFancyPopUp

2017-12-26 16:00:19 - [TEST_STEP][PASSED] - waitForElementPresent: Object 'Object Repository/HomePage/Fancy Box Close Button' is present

2017-12-26 16:00:19 - [MESSAGE][WARNING] - Timeout '0' is invalid. Using default page load timeout: '30'

2017-12-26 16:00:28 - [MESSAGE][PASSED] - Object 'Object Repository/HomePage/Fancy Box Close Button' is present

2017-12-26 16:00:28 - [TEST_STEP][PASSED] - click: Object: 'Object Repository/HomePage/Fancy Box Close Button' is clicked on

2017-12-26 16:00:31 - [MESSAGE][PASSED] - Object: 'Object Repository/HomePage/Fancy Box Close Button' is clicked on

2017-12-26 16:00:31 - [TEST_STEP][PASSED] - waitForElementClickable: Object 'Object Repository/HomePage/My Account TopLink' is clickable

2017-12-26 16:00:31 - [MESSAGE][WARNING] - Timeout '0' is invalid. Using default page load timeout: '30'

2017-12-26 16:00:32 - [MESSAGE][PASSED] - Object 'Object Repository/HomePage/My Account TopLink' is clickable

2017-12-26 16:00:32 - [MESSAGE][PASSED] - Call Test Case 'Test Cases/UnitCases/closeFancyPopUp' successfully

2017-12-26 16:00:32 - [MESSAGE][PASSED] - Call Test Case 'Test Cases/UnitCases/openSite' successfully

2017-12-26 16:00:32 - [TEST_STEP][PASSED] - callTestCase: Call Test Case 'Test Cases/UnitCases/login' successfully

2017-12-26 16:00:32 - [TEST_CASE][PASSED] - Test Cases/UnitCases/login: Test Cases/UnitCases/login

2017-12-26 16:00:32 - [TEST_STEP][PASSED] - click: Object: 'Object Repository/HomePage/My Account TopLink' is clicked on

2017-12-26 16:00:37 - [MESSAGE][PASSED] - Object: 'Object Repository/HomePage/My Account TopLink' is clicked on

2017-12-26 16:00:37 - [TEST_STEP][PASSED] - waitForPageLoad: Wait for page load successfully

2017-12-26 16:00:37 - [MESSAGE][WARNING] - Timeout '0' is invalid. Using default page load timeout: '30'

2017-12-26 16:00:37 - [MESSAGE][PASSED] - Wait for page load successfully

2017-12-26 16:00:37 - [TEST_STEP][PASSED] - setText: Text 'somethingThatDoesNotExist@mailinator.com' is set on object 'Object Repository/LoginPage/Login Input Field'

2017-12-26 16:00:37 - [MESSAGE][PASSED] - Text 'somethingThatDoesNotExist@mailinator.com' is set on object 'Object Repository/LoginPage/Login Input Field'

2017-12-26 16:00:37 - [TEST_STEP][PASSED] - setText: Text 'Password1234' is set on object 'Object Repository/LoginPage/Password Input Field'

2017-12-26 16:00:38 - [MESSAGE][PASSED] - Text 'Password1234' is set on object 'Object Repository/LoginPage/Password Input Field'

2017-12-26 16:00:38 - [TEST_STEP][PASSED] - click: Object: 'Object Repository/LoginPage/Login Button' is clicked on

2017-12-26 16:00:42 - [MESSAGE][PASSED] - Object: 'Object Repository/LoginPage/Login Button' is clicked on

2017-12-26 16:00:42 - [MESSAGE][PASSED] - Call Test Case 'Test Cases/UnitCases/login' successfully

2017-12-26 16:00:42 - [TEST_STEP][PASSED] - Statement - switch (scene): Finding Test Object with id 'Object Repository/LoginPage/Invalid Login and Password Message'

2017-12-26 16:00:42 - [TEST_STEP][PASSED] - Statement - case "3":: Finding Test Object with id 'Object Repository/LoginPage/Invalid Login and Password Message'

2017-12-26 16:00:42 - [TEST_STEP][PASSED] - waitForPageLoad: Wait for page load successfully

2017-12-26 16:00:42 - [MESSAGE][WARNING] - Timeout '0' is invalid. Using default page load timeout: '30'

2017-12-26 16:00:42 - [MESSAGE][PASSED] - Wait for page load successfully

2017-12-26 16:00:42 - [TEST_STEP][PASSED] - verifyElementPresent: Finding Test Object with id 'Object Repository/LoginPage/Invalid Login and Password Message']]></system-out>
         <system-err><![CDATA[2017-12-26 16:00:05 - [TEST_CASE][ERROR] - Test Cases/AllCases/My Account/SEP_FA_CustomerLogin - Iteration 4: Test Cases/AllCases/My Account/SEP_FA_CustomerLogin FAILED because (of) groovy.lang.MissingMethodException: No signature of method: static com.kms.katalon.core.webui.keyword.WebUiBuiltInKeywords.verifyElementPresent() is applicable for argument types: (com.kms.katalon.core.testobject.TestObject, java.lang.String) values: [TestObject - 'Object Repository/LoginPage/Invalid Login and Password Message', ...]
Possible solutions: verifyElementPresent(com.kms.katalon.core.testobject.TestObject, int), verifyElementPresent(com.kms.katalon.core.testobject.TestObject, int, com.kms.katalon.core.model.FailureHandling), verifyElementNotPresent(com.kms.katalon.core.testobject.TestObject, int), verifyElementNotPresent(com.kms.katalon.core.testobject.TestObject, int, com.kms.katalon.core.model.FailureHandling), verifyElementText(com.kms.katalon.core.testobject.TestObject, java.lang.String)]]></system-err>
      </testcase>
      <system-out><![CDATA[2017-12-26 15:58:04 - [TEST_SUITE][FAILED] - Core: Test Cases/AllCases/My Account/SEP_FA_CustomerLogin FAILED because (of) Verify element text of test object 'Object Repository/LoginPage/Email Required Field Message' FAILED. (Root cause: Actual text 'This is a required field.' and expected text 'This is a required field' of test object 'Object Repository/LoginPage/Email Required Field Message' are NOT matched.)]]></system-out>
      <system-err><![CDATA[2017-12-26 15:58:04 - [TEST_SUITE][FAILED] - Core: Test Cases/AllCases/My Account/SEP_FA_CustomerLogin FAILED because (of) Verify element text of test object 'Object Repository/LoginPage/Email Required Field Message' FAILED. (Root cause: Actual text 'This is a required field.' and expected text 'This is a required field' of test object 'Object Repository/LoginPage/Email Required Field Message' are NOT matched.)]]></system-err>
   </testsuite>
</testsuites>
