{"devicePlatform":"","logFolder":"D:\\Katalon\\Sephora\\Sephora\\Reports\\Core\\20171226_150842","runData":{"hostName":"Yassar - Yassar-PC","hostAddress":"192.168.1.197","os":"Windows 7 64bit","katalonVersion":"5.2.0.1"},"type":"TEST_SUITE","name":"Core","id":"Test Suites/Core","source":"","message":"Test Cases/AllCases/My Account/SEP_FA_CustomerLogin FAILED because (of) Variable \u0027expectation\u0027 is not defined for test case.","description":"","startTime":1514286524110,"endTime":1514286525432,"childRecords":[{"isOptional":false,"type":"TEST_CASE","name":"Test Cases/AllCases/My Account/SEP_FA_CustomerLogin - Iteration 1","id":"Test Cases/AllCases/My Account/SEP_FA_CustomerLogin","source":"D:\\\\Katalon\\\\Sephora\\\\SephoraTest Cases\\\\AllCases\\\\My Account\\\\SEP_FA_CustomerLogin.tc","message":"Test Cases/AllCases/My Account/SEP_FA_CustomerLogin FAILED because (of) Variable \u0027expectation\u0027 is not defined for test case.","description":"Assert Successful Login","startTime":1514286524452,"endTime":1514286525010,"childRecords":[{"testStatus":{"stackTrace":"","statusValue":"INFO"},"type":"MESSAGE","name":"","message":"Evaluating variables for test case","startTime":1514286524610,"endTime":0,"childRecords":[],"interuppted":false},{"testStatus":{"stackTrace":"","statusValue":"INFO"},"type":"MESSAGE","name":"","message":"Variable \u0027email\u0027 is set to rbdtest@mailinator.com","startTime":1514286524613,"endTime":0,"childRecords":[],"interuppted":false},{"testStatus":{"stackTrace":"","statusValue":"INFO"},"type":"MESSAGE","name":"","message":"Variable \u0027password\u0027 is set to Password123","startTime":1514286524614,"endTime":0,"childRecords":[],"interuppted":false},{"index":1,"isIgnoredIfFailed":false,"type":"TEST_STEP","name":"Statement - println(expectation)","description":"","startTime":1514286524994,"endTime":1514286524999,"childRecords":[],"interuppted":false},{"testStatus":{"stackTrace":"","statusValue":"ERROR"},"type":"MESSAGE","name":"","message":"Test Cases/AllCases/My Account/SEP_FA_CustomerLogin FAILED because (of) Variable \u0027expectation\u0027 is not defined for test case.","startTime":1514286525001,"endTime":0,"childRecords":[],"interuppted":false}],"interuppted":false},{"isOptional":false,"type":"TEST_CASE","name":"Test Cases/AllCases/My Account/SEP_FA_CustomerLogin - Iteration 2","id":"Test Cases/AllCases/My Account/SEP_FA_CustomerLogin","source":"D:\\\\Katalon\\\\Sephora\\\\SephoraTest Cases\\\\AllCases\\\\My Account\\\\SEP_FA_CustomerLogin.tc","message":"Test Cases/AllCases/My Account/SEP_FA_CustomerLogin FAILED because (of) Variable \u0027expectation\u0027 is not defined for test case.","description":"Assert Successful Login","startTime":1514286525064,"endTime":1514286525085,"childRecords":[{"testStatus":{"stackTrace":"","statusValue":"INFO"},"type":"MESSAGE","name":"","message":"Evaluating variables for test case","startTime":1514286525077,"endTime":0,"childRecords":[],"interuppted":false},{"testStatus":{"stackTrace":"","statusValue":"INFO"},"type":"MESSAGE","name":"","message":"Variable \u0027email\u0027 is set to autorbd20171222_170951@mailinator.com","startTime":1514286525078,"endTime":0,"childRecords":[],"interuppted":false},{"testStatus":{"stackTrace":"","statusValue":"INFO"},"type":"MESSAGE","name":"","message":"Variable \u0027password\u0027 is set to Password123","startTime":1514286525079,"endTime":0,"childRecords":[],"interuppted":false},{"index":1,"isIgnoredIfFailed":false,"type":"TEST_STEP","name":"Statement - println(expectation)","description":"","startTime":1514286525080,"endTime":1514286525082,"childRecords":[],"interuppted":false},{"testStatus":{"stackTrace":"","statusValue":"ERROR"},"type":"MESSAGE","name":"","message":"Test Cases/AllCases/My Account/SEP_FA_CustomerLogin FAILED because (of) Variable \u0027expectation\u0027 is not defined for test case.","startTime":1514286525082,"endTime":0,"childRecords":[],"interuppted":false}],"interuppted":false},{"isOptional":false,"type":"TEST_CASE","name":"Test Cases/AllCases/My Account/SEP_FA_CustomerLogin - Iteration 3","id":"Test Cases/AllCases/My Account/SEP_FA_CustomerLogin","source":"D:\\\\Katalon\\\\Sephora\\\\SephoraTest Cases\\\\AllCases\\\\My Account\\\\SEP_FA_CustomerLogin.tc","message":"Test Cases/AllCases/My Account/SEP_FA_CustomerLogin FAILED because (of) Variable \u0027expectation\u0027 is not defined for test case.","description":"Assert Successful Login","startTime":1514286525139,"endTime":1514286525158,"childRecords":[{"testStatus":{"stackTrace":"","statusValue":"INFO"},"type":"MESSAGE","name":"","message":"Evaluating variables for test case","startTime":1514286525150,"endTime":0,"childRecords":[],"interuppted":false},{"testStatus":{"stackTrace":"","statusValue":"INFO"},"type":"MESSAGE","name":"","message":"Variable \u0027email\u0027 is set to somethingThatDoesNotExist@mailinator.com","startTime":1514286525151,"endTime":0,"childRecords":[],"interuppted":false},{"testStatus":{"stackTrace":"","statusValue":"INFO"},"type":"MESSAGE","name":"","message":"Variable \u0027password\u0027 is set to Password1234","startTime":1514286525152,"endTime":0,"childRecords":[],"interuppted":false},{"index":1,"isIgnoredIfFailed":false,"type":"TEST_STEP","name":"Statement - println(expectation)","description":"","startTime":1514286525154,"endTime":1514286525155,"childRecords":[],"interuppted":false},{"testStatus":{"stackTrace":"","statusValue":"ERROR"},"type":"MESSAGE","name":"","message":"Test Cases/AllCases/My Account/SEP_FA_CustomerLogin FAILED because (of) Variable \u0027expectation\u0027 is not defined for test case.","startTime":1514286525156,"endTime":0,"childRecords":[],"interuppted":false}],"interuppted":false},{"isOptional":false,"type":"TEST_CASE","name":"Test Cases/AllCases/My Account/SEP_FA_CustomerLogin - Iteration 4","id":"Test Cases/AllCases/My Account/SEP_FA_CustomerLogin","source":"D:\\\\Katalon\\\\Sephora\\\\SephoraTest Cases\\\\AllCases\\\\My Account\\\\SEP_FA_CustomerLogin.tc","message":"Test Cases/AllCases/My Account/SEP_FA_CustomerLogin FAILED because (of) Variable \u0027expectation\u0027 is not defined for test case.","description":"Assert Successful Login","startTime":1514286525233,"endTime":1514286525390,"childRecords":[{"testStatus":{"stackTrace":"","statusValue":"INFO"},"type":"MESSAGE","name":"","message":"Evaluating variables for test case","startTime":1514286525252,"endTime":0,"childRecords":[],"interuppted":false},{"testStatus":{"stackTrace":"","statusValue":"INFO"},"type":"MESSAGE","name":"","message":"Variable \u0027email\u0027 is set to ","startTime":1514286525254,"endTime":0,"childRecords":[],"interuppted":false},{"testStatus":{"stackTrace":"","statusValue":"INFO"},"type":"MESSAGE","name":"","message":"Variable \u0027password\u0027 is set to ","startTime":1514286525255,"endTime":0,"childRecords":[],"interuppted":false},{"index":1,"isIgnoredIfFailed":false,"type":"TEST_STEP","name":"Statement - println(expectation)","description":"","startTime":1514286525257,"endTime":1514286525258,"childRecords":[],"interuppted":false},{"testStatus":{"stackTrace":"","statusValue":"ERROR"},"type":"MESSAGE","name":"","message":"Test Cases/AllCases/My Account/SEP_FA_CustomerLogin FAILED because (of) Variable \u0027expectation\u0027 is not defined for test case.","startTime":1514286525259,"endTime":0,"childRecords":[],"interuppted":false}],"interuppted":false}],"interuppted":false}