{"devicePlatform":"","logFolder":"D:\\Katalon\\Sephora\\Sephora\\Reports\\Core\\20171226_144059","runData":{"hostName":"Yassar - Yassar-PC","hostAddress":"192.168.1.197","os":"Windows 7 64bit","katalonVersion":"5.2.0.1"},"type":"TEST_SUITE","name":"Core","id":"Test Suites/Core","source":"","message":"Test Cases/AllCases/My Account/SEP_FA_CustomerLogin FAILED because (of) Variable \u0027expectation\u0027 is not defined for test case.","description":"","startTime":1514284861419,"endTime":1514284862635,"childRecords":[{"isOptional":false,"type":"TEST_CASE","name":"Test Cases/AllCases/My Account/SEP_FA_CustomerLogin - Iteration 1","id":"Test Cases/AllCases/My Account/SEP_FA_CustomerLogin","source":"D:\\\\Katalon\\\\Sephora\\\\SephoraTest Cases\\\\AllCases\\\\My Account\\\\SEP_FA_CustomerLogin.tc","message":"Test Cases/AllCases/My Account/SEP_FA_CustomerLogin FAILED because (of) Variable \u0027expectation\u0027 is not defined for test case.","description":"Assert Successful Login","startTime":1514284861723,"endTime":1514284862279,"childRecords":[{"testStatus":{"stackTrace":"","statusValue":"INFO"},"type":"MESSAGE","name":"","message":"Evaluating variables for test case","startTime":1514284861872,"endTime":0,"childRecords":[],"interuppted":false},{"testStatus":{"stackTrace":"","statusValue":"INFO"},"type":"MESSAGE","name":"","message":"Variable \u0027email\u0027 is set to rbdtest@mailinator.com","startTime":1514284861874,"endTime":0,"childRecords":[],"interuppted":false},{"testStatus":{"stackTrace":"","statusValue":"INFO"},"type":"MESSAGE","name":"","message":"Variable \u0027password\u0027 is set to Password123","startTime":1514284861875,"endTime":0,"childRecords":[],"interuppted":false},{"index":1,"isIgnoredIfFailed":false,"type":"TEST_STEP","name":"Statement - println(expectation)","description":"","startTime":1514284862266,"endTime":1514284862271,"childRecords":[],"interuppted":false},{"testStatus":{"stackTrace":"","statusValue":"ERROR"},"type":"MESSAGE","name":"","message":"Test Cases/AllCases/My Account/SEP_FA_CustomerLogin FAILED because (of) Variable \u0027expectation\u0027 is not defined for test case.","startTime":1514284862272,"endTime":0,"childRecords":[],"interuppted":false}],"interuppted":false},{"isOptional":false,"type":"TEST_CASE","name":"Test Cases/AllCases/My Account/SEP_FA_CustomerLogin - Iteration 2","id":"Test Cases/AllCases/My Account/SEP_FA_CustomerLogin","source":"D:\\\\Katalon\\\\Sephora\\\\SephoraTest Cases\\\\AllCases\\\\My Account\\\\SEP_FA_CustomerLogin.tc","message":"Test Cases/AllCases/My Account/SEP_FA_CustomerLogin FAILED because (of) Variable \u0027expectation\u0027 is not defined for test case.","description":"Assert Successful Login","startTime":1514284862334,"endTime":1514284862356,"childRecords":[{"testStatus":{"stackTrace":"","statusValue":"INFO"},"type":"MESSAGE","name":"","message":"Evaluating variables for test case","startTime":1514284862348,"endTime":0,"childRecords":[],"interuppted":false},{"testStatus":{"stackTrace":"","statusValue":"INFO"},"type":"MESSAGE","name":"","message":"Variable \u0027email\u0027 is set to autorbd20171222_170951@mailinator.com","startTime":1514284862348,"endTime":0,"childRecords":[],"interuppted":false},{"testStatus":{"stackTrace":"","statusValue":"INFO"},"type":"MESSAGE","name":"","message":"Variable \u0027password\u0027 is set to Password123","startTime":1514284862349,"endTime":0,"childRecords":[],"interuppted":false},{"index":1,"isIgnoredIfFailed":false,"type":"TEST_STEP","name":"Statement - println(expectation)","description":"","startTime":1514284862352,"endTime":1514284862353,"childRecords":[],"interuppted":false},{"testStatus":{"stackTrace":"","statusValue":"ERROR"},"type":"MESSAGE","name":"","message":"Test Cases/AllCases/My Account/SEP_FA_CustomerLogin FAILED because (of) Variable \u0027expectation\u0027 is not defined for test case.","startTime":1514284862353,"endTime":0,"childRecords":[],"interuppted":false}],"interuppted":false},{"isOptional":false,"type":"TEST_CASE","name":"Test Cases/AllCases/My Account/SEP_FA_CustomerLogin - Iteration 3","id":"Test Cases/AllCases/My Account/SEP_FA_CustomerLogin","source":"D:\\\\Katalon\\\\Sephora\\\\SephoraTest Cases\\\\AllCases\\\\My Account\\\\SEP_FA_CustomerLogin.tc","message":"Test Cases/AllCases/My Account/SEP_FA_CustomerLogin FAILED because (of) Variable \u0027expectation\u0027 is not defined for test case.","description":"Assert Successful Login","startTime":1514284862410,"endTime":1514284862428,"childRecords":[{"testStatus":{"stackTrace":"","statusValue":"INFO"},"type":"MESSAGE","name":"","message":"Evaluating variables for test case","startTime":1514284862420,"endTime":0,"childRecords":[],"interuppted":false},{"testStatus":{"stackTrace":"","statusValue":"INFO"},"type":"MESSAGE","name":"","message":"Variable \u0027email\u0027 is set to somethingThatDoesNotExist@mailinator.com","startTime":1514284862421,"endTime":0,"childRecords":[],"interuppted":false},{"testStatus":{"stackTrace":"","statusValue":"INFO"},"type":"MESSAGE","name":"","message":"Variable \u0027password\u0027 is set to Password1234","startTime":1514284862422,"endTime":0,"childRecords":[],"interuppted":false},{"index":1,"isIgnoredIfFailed":false,"type":"TEST_STEP","name":"Statement - println(expectation)","description":"","startTime":1514284862423,"endTime":1514284862424,"childRecords":[],"interuppted":false},{"testStatus":{"stackTrace":"","statusValue":"ERROR"},"type":"MESSAGE","name":"","message":"Test Cases/AllCases/My Account/SEP_FA_CustomerLogin FAILED because (of) Variable \u0027expectation\u0027 is not defined for test case.","startTime":1514284862425,"endTime":0,"childRecords":[],"interuppted":false}],"interuppted":false},{"isOptional":false,"type":"TEST_CASE","name":"Test Cases/AllCases/My Account/SEP_FA_CustomerLogin - Iteration 4","id":"Test Cases/AllCases/My Account/SEP_FA_CustomerLogin","source":"D:\\\\Katalon\\\\Sephora\\\\SephoraTest Cases\\\\AllCases\\\\My Account\\\\SEP_FA_CustomerLogin.tc","message":"Test Cases/AllCases/My Account/SEP_FA_CustomerLogin FAILED because (of) Variable \u0027expectation\u0027 is not defined for test case.","description":"Assert Successful Login","startTime":1514284862481,"endTime":1514284862586,"childRecords":[{"testStatus":{"stackTrace":"","statusValue":"INFO"},"type":"MESSAGE","name":"","message":"Evaluating variables for test case","startTime":1514284862496,"endTime":0,"childRecords":[],"interuppted":false},{"testStatus":{"stackTrace":"","statusValue":"INFO"},"type":"MESSAGE","name":"","message":"Variable \u0027email\u0027 is set to ","startTime":1514284862497,"endTime":0,"childRecords":[],"interuppted":false},{"testStatus":{"stackTrace":"","statusValue":"INFO"},"type":"MESSAGE","name":"","message":"Variable \u0027password\u0027 is set to ","startTime":1514284862498,"endTime":0,"childRecords":[],"interuppted":false},{"index":1,"isIgnoredIfFailed":false,"type":"TEST_STEP","name":"Statement - println(expectation)","description":"","startTime":1514284862499,"endTime":1514284862500,"childRecords":[],"interuppted":false},{"testStatus":{"stackTrace":"","statusValue":"ERROR"},"type":"MESSAGE","name":"","message":"Test Cases/AllCases/My Account/SEP_FA_CustomerLogin FAILED because (of) Variable \u0027expectation\u0027 is not defined for test case.","startTime":1514284862501,"endTime":0,"childRecords":[],"interuppted":false}],"interuppted":false}],"interuppted":false}